2026-04-30 12:43:38.925 [info] [main] Log level: Info
2026-04-30 12:43:38.925 [info] [main] Validating found git in: "git"
2026-04-30 12:43:38.925 [info] [main] Using git "2.54.0" from "git"
2026-04-30 12:43:38.925 [info] [Model][doInitialScan] Initial repository scan started
2026-04-30 12:43:38.925 [info] [Model][doInitialScan] Initial repository scan completed - repositories (0), closed repositories (0), parent repositories (0), unsafe repositories (0)
2026-04-30 12:44:13.254 [info] [main] Log level: Info
2026-04-30 12:44:13.254 [info] [main] Validating found git in: "git"
2026-04-30 12:44:13.254 [info] [main] Using git "2.54.0" from "git"
2026-04-30 12:44:13.254 [info] [Model][doInitialScan] Initial repository scan started
2026-04-30 12:44:13.254 [info] > git rev-parse --show-toplevel [2ms]
2026-04-30 12:44:13.254 [info] fatal: not a git repository (or any parent up to mount point /)
Stopping at filesystem boundary (GIT_DISCOVERY_ACROSS_FILESYSTEM not set).
2026-04-30 12:44:13.254 [info] [Model][doInitialScan] Initial repository scan completed - repositories (0), closed repositories (0), parent repositories (0), unsafe repositories (0)
2026-04-30 12:44:14.979 [info] > git rev-parse --show-toplevel [200ms]
2026-04-30 12:44:14.979 [info] fatal: not a git repository (or any parent up to mount point /)
Stopping at filesystem boundary (GIT_DISCOVERY_ACROSS_FILESYSTEM not set).
2026-04-30 12:44:15.308 [info] > git rev-parse --show-toplevel [216ms]
2026-04-30 12:44:15.308 [info] fatal: not a git repository (or any parent up to mount point /)
Stopping at filesystem boundary (GIT_DISCOVERY_ACROSS_FILESYSTEM not set).
2026-04-30 12:44:15.683 [info] > git rev-parse --show-toplevel [356ms]
2026-04-30 12:44:15.683 [info] fatal: not a git repository (or any parent up to mount point /)
Stopping at filesystem boundary (GIT_DISCOVERY_ACROSS_FILESYSTEM not set).
2026-04-30 12:44:15.754 [info] > git rev-parse --show-toplevel [63ms]
2026-04-30 12:44:15.754 [info] fatal: not a git repository (or any parent up to mount point /)
Stopping at filesystem boundary (GIT_DISCOVERY_ACROSS_FILESYSTEM not set).
2026-04-30 12:44:15.794 [info] > git rev-parse --show-toplevel [12ms]
2026-04-30 12:44:15.794 [info] fatal: not a git repository (or any parent up to mount point /)
Stopping at filesystem boundary (GIT_DISCOVERY_ACROSS_FILESYSTEM not set).
2026-04-30 12:44:15.808 [info] > git rev-parse --show-toplevel [5ms]
2026-04-30 12:44:15.808 [info] fatal: not a git repository (or any parent up to mount point /)
Stopping at filesystem boundary (GIT_DISCOVERY_ACROSS_FILESYSTEM not set).
2026-04-30 12:44:16.562 [info] > git rev-parse --show-toplevel [3ms]
2026-04-30 12:44:16.562 [info] fatal: not a git repository (or any parent up to mount point /)
Stopping at filesystem boundary (GIT_DISCOVERY_ACROSS_FILESYSTEM not set).
