2026-05-04 15:31:17.462 [info] Reading sessions from keychain...
2026-05-04 15:31:17.462 [info] Getting sessions for all scopes...
2026-05-04 15:31:17.576 [info] Got stored sessions!
2026-05-04 15:31:17.576 [info] Got 2 verified sessions.
2026-05-04 15:31:17.576 [info] Got 2 sessions for ...
2026-05-04 15:31:17.670 [info] Getting sessions for all scopes...
2026-05-04 15:31:17.670 [info] Got 2 sessions for ...
2026-05-04 15:31:17.732 [info] Getting sessions for all scopes...
2026-05-04 15:31:17.732 [info] Got 2 sessions for ...
2026-05-04 15:31:19.400 [info] Getting sessions for all scopes...
2026-05-04 15:31:19.400 [info] Got 2 sessions for ...
2026-05-04 15:31:19.418 [info] Getting sessions for all scopes...
2026-05-04 15:31:19.418 [info] Got 2 sessions for ...
2026-05-04 15:31:19.422 [info] Getting sessions for user:email...
2026-05-04 15:31:19.422 [info] Got 1 sessions for user:email...
2026-05-04 15:31:19.433 [info] Getting sessions for all scopes...
2026-05-04 15:31:19.433 [info] Got 2 sessions for ...
2026-05-04 15:31:19.649 [info] Getting sessions for all scopes...
2026-05-04 15:31:19.649 [info] Got 2 sessions for ...
2026-05-04 15:31:19.654 [info] Getting sessions for all scopes...
2026-05-04 15:31:19.654 [info] Got 2 sessions for ...
2026-05-04 15:31:19.669 [info] Getting sessions for all scopes...
2026-05-04 15:31:19.670 [info] Got 2 sessions for ...
2026-05-04 15:31:19.899 [info] Getting sessions for all scopes...
2026-05-04 15:31:19.899 [info] Got 2 sessions for ...
2026-05-04 15:31:19.899 [info] Getting sessions for all scopes...
2026-05-04 15:31:19.899 [info] Got 2 sessions for ...
2026-05-04 15:31:19.973 [info] Getting sessions for all scopes...
2026-05-04 15:31:19.973 [info] Got 2 sessions for ...
2026-05-04 15:31:19.974 [info] Getting sessions for all scopes...
2026-05-04 15:31:19.974 [info] Got 2 sessions for ...
2026-05-04 15:31:19.974 [info] Getting sessions for all scopes...
2026-05-04 15:31:19.974 [info] Got 2 sessions for ...
2026-05-04 15:31:19.974 [info] Getting sessions for project,read:org,read:user,repo,user:email,workflow...
2026-05-04 15:31:19.974 [info] Got 0 sessions for project,read:org,read:user,repo,user:email,workflow...
2026-05-04 15:31:20.435 [info] Getting sessions for read:user,repo,user:email,workflow...
2026-05-04 15:31:20.435 [info] Got 1 sessions for read:user,repo,user:email,workflow...
2026-05-04 15:31:20.435 [info] Getting sessions for read:user,repo,user:email,workflow...
2026-05-04 15:31:20.435 [info] Got 1 sessions for read:user,repo,user:email,workflow...
2026-05-04 15:31:20.718 [info] Getting sessions for user:email...
2026-05-04 15:31:20.718 [info] Got 1 sessions for user:email...
2026-05-04 15:31:21.039 [info] Getting sessions for all scopes...
2026-05-04 15:31:21.039 [info] Got 2 sessions for ...
2026-05-04 15:31:21.039 [info] Getting sessions for all scopes...
2026-05-04 15:31:21.039 [info] Got 2 sessions for ...
2026-05-04 15:31:21.040 [info] Getting sessions for read:user,repo,user:email,workflow...
2026-05-04 15:31:21.040 [info] Got 1 sessions for read:user,repo,user:email,workflow...
2026-05-04 15:31:21.173 [info] Getting sessions for all scopes...
2026-05-04 15:31:21.173 [info] Got 2 sessions for ...
2026-05-04 15:31:21.174 [info] Getting sessions for all scopes...
2026-05-04 15:31:21.174 [info] Got 2 sessions for ...
2026-05-04 15:31:21.193 [info] Getting sessions for read:user,repo,user:email,workflow...
2026-05-04 15:31:21.193 [info] Got 1 sessions for read:user,repo,user:email,workflow...
2026-05-04 15:31:21.229 [info] Getting sessions for all scopes...
2026-05-04 15:31:21.229 [info] Got 2 sessions for ...
2026-05-04 15:31:21.230 [info] Getting sessions for all scopes...
2026-05-04 15:31:21.230 [info] Got 2 sessions for ...
2026-05-04 15:31:21.341 [info] Getting sessions for all scopes...
2026-05-04 15:31:21.341 [info] Got 2 sessions for ...
2026-05-04 15:31:21.344 [info] Getting sessions for read:user,repo,user:email,workflow...
2026-05-04 15:31:21.344 [info] Got 1 sessions for read:user,repo,user:email,workflow...
2026-05-04 15:31:21.531 [info] Getting sessions for all scopes...
2026-05-04 15:31:21.531 [info] Got 2 sessions for ...
2026-05-04 15:31:21.533 [info] Getting sessions for read:user,repo,user:email,workflow...
2026-05-04 15:31:21.533 [info] Got 1 sessions for read:user,repo,user:email,workflow...
2026-05-04 15:31:59.594 [info] Getting sessions for all scopes...
2026-05-04 15:31:59.594 [info] Got 2 sessions for ...
2026-05-04 15:31:59.596 [info] Getting sessions for all scopes...
2026-05-04 15:31:59.596 [info] Got 2 sessions for ...
2026-05-04 15:32:00.484 [info] Getting sessions for all scopes...
2026-05-04 15:32:00.484 [info] Got 2 sessions for ...
2026-05-04 15:32:00.485 [info] Getting sessions for all scopes...
2026-05-04 15:32:00.485 [info] Got 2 sessions for ...
2026-05-04 15:32:05.122 [info] Getting sessions for all scopes...
2026-05-04 15:32:05.123 [info] Got 2 sessions for ...
2026-05-04 15:32:05.124 [info] Getting sessions for all scopes...
2026-05-04 15:32:05.124 [info] Got 2 sessions for ...
2026-05-04 15:32:05.713 [info] Getting sessions for all scopes...
2026-05-04 15:32:05.713 [info] Got 2 sessions for ...
2026-05-04 15:32:05.714 [info] Getting sessions for all scopes...
2026-05-04 15:32:05.714 [info] Got 2 sessions for ...
2026-05-04 15:32:12.398 [info] Getting sessions for all scopes...
2026-05-04 15:32:12.398 [info] Got 2 sessions for ...
2026-05-04 15:32:12.400 [info] Getting sessions for all scopes...
2026-05-04 15:32:12.400 [info] Got 2 sessions for ...
2026-05-04 15:32:25.391 [info] Getting sessions for all scopes...
2026-05-04 15:32:25.391 [info] Got 2 sessions for ...
2026-05-04 15:32:25.392 [info] Getting sessions for all scopes...
2026-05-04 15:32:25.392 [info] Got 2 sessions for ...
2026-05-04 15:32:25.781 [info] Getting sessions for all scopes...
2026-05-04 15:32:25.781 [info] Got 2 sessions for ...
2026-05-04 15:32:25.782 [info] Getting sessions for all scopes...
2026-05-04 15:32:25.782 [info] Got 2 sessions for ...
2026-05-04 15:32:28.222 [info] Getting sessions for all scopes...
2026-05-04 15:32:28.222 [info] Got 2 sessions for ...
2026-05-04 15:32:28.223 [info] Getting sessions for all scopes...
2026-05-04 15:32:28.223 [info] Got 2 sessions for ...
2026-05-04 15:32:30.729 [info] Getting sessions for all scopes...
2026-05-04 15:32:30.729 [info] Got 2 sessions for ...
2026-05-04 15:32:30.730 [info] Getting sessions for all scopes...
2026-05-04 15:32:30.730 [info] Got 2 sessions for ...
2026-05-04 15:32:35.431 [info] Getting sessions for all scopes...
2026-05-04 15:32:35.431 [info] Got 2 sessions for ...
2026-05-04 15:32:35.452 [info] Getting sessions for all scopes...
2026-05-04 15:32:35.452 [info] Got 2 sessions for ...
2026-05-04 15:33:09.235 [info] Getting sessions for all scopes...
2026-05-04 15:33:09.235 [info] Got 2 sessions for ...
2026-05-04 15:33:09.237 [info] Getting sessions for all scopes...
2026-05-04 15:33:09.237 [info] Got 2 sessions for ...
2026-05-04 15:33:13.930 [info] Getting sessions for all scopes...
2026-05-04 15:33:13.930 [info] Got 2 sessions for ...
2026-05-04 15:33:13.932 [info] Getting sessions for all scopes...
2026-05-04 15:33:13.932 [info] Got 2 sessions for ...
2026-05-04 15:33:17.998 [info] Getting sessions for all scopes...
2026-05-04 15:33:17.998 [info] Got 2 sessions for ...
2026-05-04 15:33:17.999 [info] Getting sessions for all scopes...
2026-05-04 15:33:17.999 [info] Got 2 sessions for ...
2026-05-04 15:33:30.387 [info] Getting sessions for all scopes...
2026-05-04 15:33:30.387 [info] Got 2 sessions for ...
2026-05-04 15:33:30.388 [info] Getting sessions for all scopes...
2026-05-04 15:33:30.389 [info] Got 2 sessions for ...
2026-05-04 15:33:31.620 [info] Getting sessions for all scopes...
2026-05-04 15:33:31.621 [info] Got 2 sessions for ...
2026-05-04 15:33:31.624 [info] Getting sessions for all scopes...
2026-05-04 15:33:31.624 [info] Got 2 sessions for ...
2026-05-04 15:33:36.022 [info] Getting sessions for all scopes...
2026-05-04 15:33:36.022 [info] Got 2 sessions for ...
2026-05-04 15:33:36.023 [info] Getting sessions for all scopes...
2026-05-04 15:33:36.023 [info] Got 2 sessions for ...
2026-05-04 15:33:59.641 [info] Getting sessions for all scopes...
2026-05-04 15:33:59.641 [info] Got 2 sessions for ...
2026-05-04 15:33:59.643 [info] Getting sessions for all scopes...
2026-05-04 15:33:59.643 [info] Got 2 sessions for ...
2026-05-04 15:34:04.256 [info] Getting sessions for all scopes...
2026-05-04 15:34:04.256 [info] Got 2 sessions for ...
2026-05-04 15:34:04.257 [info] Getting sessions for all scopes...
2026-05-04 15:34:04.257 [info] Got 2 sessions for ...
2026-05-04 15:34:05.288 [info] Getting sessions for all scopes...
2026-05-04 15:34:05.288 [info] Got 2 sessions for ...
2026-05-04 15:34:05.288 [info] Getting sessions for all scopes...
2026-05-04 15:34:05.288 [info] Got 2 sessions for ...
2026-05-04 15:34:08.174 [info] Getting sessions for all scopes...
2026-05-04 15:34:08.174 [info] Got 2 sessions for ...
2026-05-04 15:34:08.174 [info] Getting sessions for all scopes...
2026-05-04 15:34:08.174 [info] Got 2 sessions for ...
2026-05-04 15:34:09.891 [info] Getting sessions for all scopes...
2026-05-04 15:34:09.891 [info] Got 2 sessions for ...
2026-05-04 15:34:09.893 [info] Getting sessions for all scopes...
2026-05-04 15:34:09.894 [info] Got 2 sessions for ...
2026-05-04 15:34:10.604 [info] Getting sessions for all scopes...
2026-05-04 15:34:10.604 [info] Got 2 sessions for ...
2026-05-04 15:34:10.605 [info] Getting sessions for all scopes...
2026-05-04 15:34:10.605 [info] Got 2 sessions for ...
2026-05-04 15:34:25.351 [info] Getting sessions for all scopes...
2026-05-04 15:34:25.351 [info] Got 2 sessions for ...
2026-05-04 15:34:25.352 [info] Getting sessions for all scopes...
2026-05-04 15:34:25.352 [info] Got 2 sessions for ...
2026-05-04 15:34:46.164 [info] Getting sessions for all scopes...
2026-05-04 15:34:46.164 [info] Got 2 sessions for ...
2026-05-04 15:34:46.165 [info] Getting sessions for all scopes...
2026-05-04 15:34:46.165 [info] Got 2 sessions for ...
2026-05-04 15:34:48.192 [info] Getting sessions for all scopes...
2026-05-04 15:34:48.192 [info] Got 2 sessions for ...
2026-05-04 15:34:48.193 [info] Getting sessions for all scopes...
2026-05-04 15:34:48.193 [info] Got 2 sessions for ...
2026-05-04 15:35:16.240 [info] Getting sessions for all scopes...
2026-05-04 15:35:16.240 [info] Got 2 sessions for ...
2026-05-04 15:35:16.241 [info] Getting sessions for all scopes...
2026-05-04 15:35:16.241 [info] Got 2 sessions for ...
2026-05-04 15:39:26.315 [info] Getting sessions for all scopes...
2026-05-04 15:39:26.315 [info] Got 2 sessions for ...
2026-05-04 15:39:26.316 [info] Getting sessions for all scopes...
2026-05-04 15:39:26.316 [info] Got 2 sessions for ...
2026-05-04 15:40:04.185 [info] Getting sessions for all scopes...
2026-05-04 15:40:04.185 [info] Got 2 sessions for ...
2026-05-04 15:40:04.186 [info] Getting sessions for all scopes...
2026-05-04 15:40:04.186 [info] Got 2 sessions for ...
2026-05-04 15:40:08.929 [info] Getting sessions for all scopes...
2026-05-04 15:40:08.929 [info] Got 2 sessions for ...
2026-05-04 15:40:08.931 [info] Getting sessions for all scopes...
2026-05-04 15:40:08.931 [info] Got 2 sessions for ...
2026-05-04 15:40:10.870 [info] Getting sessions for all scopes...
2026-05-04 15:40:10.870 [info] Got 2 sessions for ...
2026-05-04 15:40:10.871 [info] Getting sessions for all scopes...
2026-05-04 15:40:10.871 [info] Got 2 sessions for ...
2026-05-04 15:40:13.525 [info] Getting sessions for all scopes...
2026-05-04 15:40:13.525 [info] Got 2 sessions for ...
2026-05-04 15:40:13.526 [info] Getting sessions for all scopes...
2026-05-04 15:40:13.526 [info] Got 2 sessions for ...
