2026-05-01 01:34:17.980 [info] [main] Log level: Info
2026-05-01 01:34:17.980 [info] [main] Validating found git in: "git"
2026-05-01 01:34:17.980 [info] [main] Using git "2.54.0" from "git"
2026-05-01 01:34:17.980 [info] [Model][doInitialScan] Initial repository scan started
2026-05-01 01:34:17.980 [info] > git rev-parse --show-toplevel [8ms]
2026-05-01 01:34:17.980 [info] fatal: not a git repository (or any parent up to mount point /)
Stopping at filesystem boundary (GIT_DISCOVERY_ACROSS_FILESYSTEM not set).
2026-05-01 01:34:17.980 [info] > git rev-parse --show-toplevel [2ms]
2026-05-01 01:34:17.980 [info] fatal: not a git repository (or any parent up to mount point /)
Stopping at filesystem boundary (GIT_DISCOVERY_ACROSS_FILESYSTEM not set).
2026-05-01 01:34:17.980 [info] [Model][doInitialScan] Initial repository scan completed - repositories (0), closed repositories (0), parent repositories (0), unsafe repositories (0)
2026-05-01 01:34:18.017 [info] > git rev-parse --show-toplevel [1ms]
2026-05-01 01:34:18.017 [info] fatal: not a git repository (or any parent up to mount point /)
Stopping at filesystem boundary (GIT_DISCOVERY_ACROSS_FILESYSTEM not set).
2026-05-01 01:34:20.550 [info] > git rev-parse --show-toplevel [355ms]
2026-05-01 01:34:20.550 [info] fatal: not a git repository (or any parent up to mount point /)
Stopping at filesystem boundary (GIT_DISCOVERY_ACROSS_FILESYSTEM not set).
2026-05-01 01:34:20.941 [info] > git rev-parse --show-toplevel [189ms]
2026-05-01 01:34:20.941 [info] fatal: not a git repository (or any parent up to mount point /)
Stopping at filesystem boundary (GIT_DISCOVERY_ACROSS_FILESYSTEM not set).
2026-05-01 01:34:22.211 [info] > git rev-parse --show-toplevel [1ms]
2026-05-01 01:34:22.211 [info] fatal: not a git repository (or any parent up to mount point /)
Stopping at filesystem boundary (GIT_DISCOVERY_ACROSS_FILESYSTEM not set).
