2026-05-04 15:13:22.380 [info] Reading sessions from keychain...
2026-05-04 15:13:22.422 [info] Getting sessions for all scopes...
2026-05-04 15:13:22.581 [info] Got stored sessions!
2026-05-04 15:13:22.581 [info] Got 2 verified sessions.
2026-05-04 15:13:22.581 [info] Got 2 sessions for ...
2026-05-04 15:13:22.581 [info] Getting sessions for all scopes...
2026-05-04 15:13:22.581 [info] Got 2 sessions for ...
2026-05-04 15:13:22.648 [info] Getting sessions for all scopes...
2026-05-04 15:13:22.648 [info] Got 2 sessions for ...
2026-05-04 15:13:22.737 [info] Getting sessions for all scopes...
2026-05-04 15:13:22.737 [info] Got 2 sessions for ...
2026-05-04 15:13:24.456 [info] Getting sessions for all scopes...
2026-05-04 15:13:24.456 [info] Got 2 sessions for ...
2026-05-04 15:13:24.458 [info] Getting sessions for user:email...
2026-05-04 15:13:24.458 [info] Got 1 sessions for user:email...
2026-05-04 15:13:24.467 [info] Getting sessions for all scopes...
2026-05-04 15:13:24.468 [info] Got 2 sessions for ...
2026-05-04 15:13:24.489 [info] Getting sessions for all scopes...
2026-05-04 15:13:24.489 [info] Got 2 sessions for ...
2026-05-04 15:13:24.490 [info] Getting sessions for all scopes...
2026-05-04 15:13:24.490 [info] Got 2 sessions for ...
2026-05-04 15:13:24.765 [info] Getting sessions for all scopes...
2026-05-04 15:13:24.765 [info] Got 2 sessions for ...
2026-05-04 15:13:24.765 [info] Getting sessions for all scopes...
2026-05-04 15:13:24.765 [info] Got 2 sessions for ...
2026-05-04 15:13:24.962 [info] Getting sessions for all scopes...
2026-05-04 15:13:24.962 [info] Got 2 sessions for ...
2026-05-04 15:13:25.170 [info] Getting sessions for project,read:org,read:user,repo,user:email,workflow...
2026-05-04 15:13:25.170 [info] Got 0 sessions for project,read:org,read:user,repo,user:email,workflow...
2026-05-04 15:13:25.172 [info] Getting sessions for all scopes...
2026-05-04 15:13:25.172 [info] Got 2 sessions for ...
2026-05-04 15:13:25.584 [info] Getting sessions for read:user,repo,user:email,workflow...
2026-05-04 15:13:25.584 [info] Got 1 sessions for read:user,repo,user:email,workflow...
2026-05-04 15:13:25.605 [info] Getting sessions for read:user,repo,user:email,workflow...
2026-05-04 15:13:25.605 [info] Got 1 sessions for read:user,repo,user:email,workflow...
2026-05-04 15:13:25.851 [info] Getting sessions for user:email...
2026-05-04 15:13:25.852 [info] Got 1 sessions for user:email...
2026-05-04 15:13:26.060 [info] Getting sessions for all scopes...
2026-05-04 15:13:26.060 [info] Got 2 sessions for ...
2026-05-04 15:13:26.060 [info] Getting sessions for all scopes...
2026-05-04 15:13:26.060 [info] Got 2 sessions for ...
2026-05-04 15:13:26.061 [info] Getting sessions for read:user,repo,user:email,workflow...
2026-05-04 15:13:26.061 [info] Got 1 sessions for read:user,repo,user:email,workflow...
2026-05-04 15:13:26.136 [info] Getting sessions for all scopes...
2026-05-04 15:13:26.136 [info] Got 2 sessions for ...
2026-05-04 15:13:26.138 [info] Getting sessions for all scopes...
2026-05-04 15:13:26.138 [info] Got 2 sessions for ...
2026-05-04 15:13:26.161 [info] Getting sessions for read:user,repo,user:email,workflow...
2026-05-04 15:13:26.161 [info] Got 1 sessions for read:user,repo,user:email,workflow...
2026-05-04 15:13:26.211 [info] Getting sessions for all scopes...
2026-05-04 15:13:26.211 [info] Got 2 sessions for ...
2026-05-04 15:13:26.212 [info] Getting sessions for all scopes...
2026-05-04 15:13:26.212 [info] Got 2 sessions for ...
2026-05-04 15:13:26.259 [info] Getting sessions for all scopes...
2026-05-04 15:13:26.259 [info] Got 2 sessions for ...
2026-05-04 15:13:26.260 [info] Getting sessions for read:user,repo,user:email,workflow...
2026-05-04 15:13:26.260 [info] Got 1 sessions for read:user,repo,user:email,workflow...
2026-05-04 15:13:26.433 [info] Getting sessions for all scopes...
2026-05-04 15:13:26.433 [info] Got 2 sessions for ...
2026-05-04 15:13:26.434 [info] Getting sessions for read:user,repo,user:email,workflow...
2026-05-04 15:13:26.434 [info] Got 1 sessions for read:user,repo,user:email,workflow...
2026-05-04 15:13:26.538 [info] Getting sessions for all scopes...
2026-05-04 15:13:26.538 [info] Got 2 sessions for ...
2026-05-04 15:13:26.539 [info] Getting sessions for read:user,repo,user:email,workflow...
2026-05-04 15:13:26.539 [info] Got 1 sessions for read:user,repo,user:email,workflow...
2026-05-04 15:13:26.616 [info] Getting sessions for all scopes...
2026-05-04 15:13:26.616 [info] Got 2 sessions for ...
2026-05-04 15:13:26.633 [info] Getting sessions for read:user,repo,user:email,workflow...
2026-05-04 15:13:26.633 [info] Got 1 sessions for read:user,repo,user:email,workflow...
2026-05-04 15:13:59.664 [info] Getting sessions for all scopes...
2026-05-04 15:13:59.664 [info] Got 2 sessions for ...
2026-05-04 15:13:59.664 [info] Getting sessions for all scopes...
2026-05-04 15:13:59.664 [info] Got 2 sessions for ...
2026-05-04 15:14:20.855 [info] Getting sessions for all scopes...
2026-05-04 15:14:20.855 [info] Got 2 sessions for ...
2026-05-04 15:14:20.855 [info] Getting sessions for all scopes...
2026-05-04 15:14:20.855 [info] Got 2 sessions for ...
2026-05-04 15:14:30.310 [info] Reading sessions from keychain...
2026-05-04 15:14:30.310 [info] Getting sessions for all scopes...
2026-05-04 15:14:30.310 [info] Got stored sessions!
2026-05-04 15:14:30.310 [info] Got 2 verified sessions.
2026-05-04 15:14:30.310 [info] Got 2 sessions for ...
2026-05-04 15:14:30.310 [info] Getting sessions for all scopes...
2026-05-04 15:14:30.310 [info] Got 2 sessions for ...
2026-05-04 15:14:30.314 [info] Getting sessions for all scopes...
2026-05-04 15:14:30.314 [info] Got 2 sessions for ...
2026-05-04 15:14:30.326 [info] Getting sessions for all scopes...
2026-05-04 15:14:30.326 [info] Got 2 sessions for ...
2026-05-04 15:14:30.456 [info] Getting sessions for all scopes...
2026-05-04 15:14:30.457 [info] Got 2 sessions for ...
2026-05-04 15:14:30.646 [info] Getting sessions for all scopes...
2026-05-04 15:14:30.646 [info] Got 2 sessions for ...
2026-05-04 15:14:30.805 [info] Getting sessions for user:email...
2026-05-04 15:14:30.805 [info] Got 1 sessions for user:email...
2026-05-04 15:14:32.283 [info] Getting sessions for all scopes...
2026-05-04 15:14:32.283 [info] Got 2 sessions for ...
2026-05-04 15:14:32.292 [info] Getting sessions for all scopes...
2026-05-04 15:14:32.292 [info] Got 2 sessions for ...
2026-05-04 15:14:32.706 [info] Getting sessions for all scopes...
2026-05-04 15:14:32.706 [info] Got 2 sessions for ...
2026-05-04 15:14:32.706 [info] Getting sessions for all scopes...
2026-05-04 15:14:32.706 [info] Got 2 sessions for ...
2026-05-04 15:14:32.785 [info] Getting sessions for all scopes...
2026-05-04 15:14:32.785 [info] Got 2 sessions for ...
2026-05-04 15:14:32.806 [info] Getting sessions for project,read:org,read:user,repo,user:email,workflow...
2026-05-04 15:14:32.806 [info] Got 0 sessions for project,read:org,read:user,repo,user:email,workflow...
2026-05-04 15:14:33.229 [info] Getting sessions for read:user,repo,user:email,workflow...
2026-05-04 15:14:33.229 [info] Got 1 sessions for read:user,repo,user:email,workflow...
2026-05-04 15:14:33.243 [info] Getting sessions for read:user,repo,user:email,workflow...
2026-05-04 15:14:33.243 [info] Got 1 sessions for read:user,repo,user:email,workflow...
2026-05-04 15:14:33.363 [info] Getting sessions for user:email...
2026-05-04 15:14:33.363 [info] Got 1 sessions for user:email...
2026-05-04 15:14:33.470 [info] Getting sessions for all scopes...
2026-05-04 15:14:33.470 [info] Got 2 sessions for ...
2026-05-04 15:14:33.471 [info] Getting sessions for read:user,repo,user:email,workflow...
2026-05-04 15:14:33.471 [info] Got 1 sessions for read:user,repo,user:email,workflow...
2026-05-04 15:14:33.687 [info] Getting sessions for all scopes...
2026-05-04 15:14:33.687 [info] Got 2 sessions for ...
2026-05-04 15:14:33.687 [info] Getting sessions for all scopes...
2026-05-04 15:14:33.687 [info] Got 2 sessions for ...
2026-05-04 15:14:33.691 [info] Getting sessions for read:user,repo,user:email,workflow...
2026-05-04 15:14:33.691 [info] Got 1 sessions for read:user,repo,user:email,workflow...
2026-05-04 15:14:33.779 [info] Getting sessions for all scopes...
2026-05-04 15:14:33.779 [info] Got 2 sessions for ...
2026-05-04 15:14:33.781 [info] Getting sessions for all scopes...
2026-05-04 15:14:33.781 [info] Got 2 sessions for ...
2026-05-04 15:14:33.783 [info] Getting sessions for read:user,repo,user:email,workflow...
2026-05-04 15:14:33.783 [info] Got 1 sessions for read:user,repo,user:email,workflow...
2026-05-04 15:14:33.854 [info] Getting sessions for all scopes...
2026-05-04 15:14:33.854 [info] Got 2 sessions for ...
2026-05-04 15:14:33.855 [info] Getting sessions for all scopes...
2026-05-04 15:14:33.855 [info] Got 2 sessions for ...
2026-05-04 15:14:33.877 [info] Getting sessions for all scopes...
2026-05-04 15:14:33.878 [info] Got 2 sessions for ...
2026-05-04 15:14:33.888 [info] Getting sessions for read:user,repo,user:email,workflow...
2026-05-04 15:14:33.888 [info] Got 1 sessions for read:user,repo,user:email,workflow...
2026-05-04 15:14:33.889 [info] Getting sessions for all scopes...
2026-05-04 15:14:33.889 [info] Got 2 sessions for ...
2026-05-04 15:14:34.032 [info] Getting sessions for all scopes...
2026-05-04 15:14:34.032 [info] Got 2 sessions for ...
2026-05-04 15:14:34.032 [info] Getting sessions for read:user,repo,user:email,workflow...
2026-05-04 15:14:34.032 [info] Got 1 sessions for read:user,repo,user:email,workflow...
2026-05-04 15:14:35.878 [info] Getting sessions for all scopes...
2026-05-04 15:14:35.878 [info] Got 2 sessions for ...
2026-05-04 15:14:39.772 [info] Getting sessions for all scopes...
2026-05-04 15:14:39.772 [info] Got 2 sessions for ...
2026-05-04 15:14:39.774 [info] Getting sessions for all scopes...
2026-05-04 15:14:39.774 [info] Got 2 sessions for ...
2026-05-04 15:19:53.172 [info] Getting sessions for all scopes...
2026-05-04 15:19:53.172 [info] Got 2 sessions for ...
2026-05-04 15:19:53.173 [info] Getting sessions for all scopes...
2026-05-04 15:19:53.173 [info] Got 2 sessions for ...
2026-05-04 15:19:54.274 [info] Getting sessions for all scopes...
2026-05-04 15:19:54.274 [info] Got 2 sessions for ...
2026-05-04 15:19:54.275 [info] Getting sessions for all scopes...
2026-05-04 15:19:54.275 [info] Got 2 sessions for ...
2026-05-04 15:19:54.969 [info] Getting sessions for all scopes...
2026-05-04 15:19:54.970 [info] Got 2 sessions for ...
2026-05-04 15:19:54.971 [info] Getting sessions for all scopes...
2026-05-04 15:19:54.971 [info] Got 2 sessions for ...
2026-05-04 15:19:56.231 [info] Getting sessions for all scopes...
2026-05-04 15:19:56.231 [info] Got 2 sessions for ...
2026-05-04 15:19:56.233 [info] Getting sessions for all scopes...
2026-05-04 15:19:56.233 [info] Got 2 sessions for ...
2026-05-04 15:20:09.917 [info] Getting sessions for all scopes...
2026-05-04 15:20:09.917 [info] Got 2 sessions for ...
2026-05-04 15:20:09.922 [info] Getting sessions for read:user,repo,user:email,workflow...
2026-05-04 15:20:09.922 [info] Got 1 sessions for read:user,repo,user:email,workflow...
2026-05-04 15:20:12.649 [info] Getting sessions for all scopes...
2026-05-04 15:20:12.649 [info] Got 2 sessions for ...
2026-05-04 15:20:14.899 [info] Getting sessions for all scopes...
2026-05-04 15:20:14.899 [info] Got 2 sessions for ...
2026-05-04 15:20:14.907 [info] Getting sessions for all scopes...
2026-05-04 15:20:14.907 [info] Got 2 sessions for ...
2026-05-04 15:20:27.032 [info] Getting sessions for all scopes...
2026-05-04 15:20:27.032 [info] Got 2 sessions for ...
2026-05-04 15:20:27.032 [info] Getting sessions for all scopes...
2026-05-04 15:20:27.032 [info] Got 2 sessions for ...
2026-05-04 15:20:51.006 [info] Getting sessions for all scopes...
2026-05-04 15:20:51.006 [info] Got 2 sessions for ...
2026-05-04 15:20:51.007 [info] Getting sessions for all scopes...
2026-05-04 15:20:51.007 [info] Got 2 sessions for ...
2026-05-04 15:20:56.970 [info] Getting sessions for all scopes...
2026-05-04 15:20:56.970 [info] Got 2 sessions for ...
2026-05-04 15:20:56.970 [info] Getting sessions for all scopes...
2026-05-04 15:20:56.970 [info] Got 2 sessions for ...
2026-05-04 15:21:01.131 [info] Getting sessions for all scopes...
2026-05-04 15:21:01.131 [info] Got 2 sessions for ...
2026-05-04 15:21:01.131 [info] Getting sessions for all scopes...
2026-05-04 15:21:01.131 [info] Got 2 sessions for ...
