2026-04-25 19:57:22 Loaded main app package /usr/lib/obsidian/obsidian.asar
2026-04-25 19:57:22 Checking for update using Github
2026-04-25 19:57:22 Success.
2026-04-25 19:57:22 Latest version is 1.12.7
2026-04-25 19:57:22 App is up to date.
2026-04-26 19:03:15 Loaded main app package /usr/lib/obsidian/obsidian.asar
2026-04-26 19:03:15 Checking for update using Github
2026-04-26 19:03:16 Success.
2026-04-26 19:03:16 Latest version is 1.12.7
2026-04-26 19:03:16 App is up to date.
2026-04-27 01:16:48 Loaded main app package /usr/lib/obsidian/obsidian.asar
2026-04-27 01:16:48 Checking for update using Github
2026-04-27 01:16:48 Success.
2026-04-27 01:16:48 Latest version is 1.12.7
2026-04-27 01:16:48 App is up to date.
2026-04-27 20:21:11 Loaded main app package /usr/lib/obsidian/obsidian.asar
2026-04-27 20:21:11 Checking for update using Github
2026-04-27 20:21:11 Success.
2026-04-27 20:21:11 Latest version is 1.12.7
2026-04-27 20:21:11 App is up to date.
2026-04-28 12:03:46 Loaded main app package /usr/lib/obsidian/obsidian.asar
2026-04-28 12:03:46 Checking for update using Github
2026-04-28 12:03:46 Success.
2026-04-28 12:03:46 Latest version is 1.12.7
2026-04-28 12:03:46 App is up to date.
2026-04-28 13:03:46 Checking for update using Github
2026-04-28 13:03:46 Success.
2026-04-28 13:03:46 Latest version is 1.12.7
2026-04-28 13:03:46 App is up to date.
2026-04-28 14:03:46 Checking for update using Github
2026-04-28 14:03:46 Success.
2026-04-28 14:03:46 Latest version is 1.12.7
2026-04-28 14:03:46 App is up to date.
2026-04-28 15:03:46 Checking for update using Github
2026-04-28 15:03:46 Success.
2026-04-28 15:03:46 Latest version is 1.12.7
2026-04-28 15:03:46 App is up to date.
2026-05-01 01:59:30 Loaded main app package /usr/lib/obsidian/obsidian.asar
2026-05-01 01:59:30 Checking for update using Github
2026-05-01 01:59:31 Success.
2026-05-01 01:59:31 Latest version is 1.12.7
2026-05-01 01:59:31 App is up to date.
2026-05-01 01:59:45 Loaded main app package /usr/lib/obsidian/obsidian.asar
2026-05-01 01:59:45 Checking for update using Github
2026-05-01 01:59:45 Success.
2026-05-01 01:59:45 Latest version is 1.12.7
2026-05-01 01:59:45 App is up to date.
2026-05-01 04:40:58 Loaded main app package /usr/lib/obsidian/obsidian.asar
2026-05-01 04:40:58 Checking for update using Github
2026-05-01 04:40:58 Success.
2026-05-01 04:40:58 Latest version is 1.12.7
2026-05-01 04:40:58 App is up to date.
2026-05-04 21:01:44 Loaded main app package /usr/lib/obsidian/obsidian.asar
2026-05-04 21:01:45 Checking for update using Github
2026-05-04 21:01:45 Success.
2026-05-04 21:01:45 Latest version is 1.12.7
2026-05-04 21:01:45 App is up to date.
