2026-05-04 15:31:19.586 [info] [main] Log level: Info
2026-05-04 15:31:19.586 [info] [main] Validating found git in: "git"
2026-05-04 15:31:19.586 [info] [main] Using git "2.54.0" from "git"
2026-05-04 15:31:19.586 [info] [Model][doInitialScan] Initial repository scan started
2026-05-04 15:31:19.586 [info] > git rev-parse --show-toplevel [17ms]
2026-05-04 15:31:19.586 [info] fatal: not a git repository (or any parent up to mount point /)
Stopping at filesystem boundary (GIT_DISCOVERY_ACROSS_FILESYSTEM not set).
2026-05-04 15:31:19.586 [info] > git rev-parse --show-toplevel [2ms]
2026-05-04 15:31:19.586 [info] fatal: not a git repository (or any parent up to mount point /)
Stopping at filesystem boundary (GIT_DISCOVERY_ACROSS_FILESYSTEM not set).
2026-05-04 15:31:19.586 [info] [Model][doInitialScan] Initial repository scan completed - repositories (0), closed repositories (0), parent repositories (0), unsafe repositories (0)
2026-05-04 15:31:19.895 [info] > git rev-parse --show-toplevel [302ms]
2026-05-04 15:31:19.895 [info] fatal: not a git repository (or any parent up to mount point /)
Stopping at filesystem boundary (GIT_DISCOVERY_ACROSS_FILESYSTEM not set).
2026-05-04 15:31:20.381 [info] > git rev-parse --show-toplevel [400ms]
2026-05-04 15:31:20.381 [info] fatal: not a git repository (or any parent up to mount point /)
Stopping at filesystem boundary (GIT_DISCOVERY_ACROSS_FILESYSTEM not set).
2026-05-04 15:31:20.434 [info] > git rev-parse --show-toplevel [34ms]
2026-05-04 15:31:20.434 [info] fatal: not a git repository (or any parent up to mount point /)
Stopping at filesystem boundary (GIT_DISCOVERY_ACROSS_FILESYSTEM not set).
2026-05-04 15:31:20.635 [info] > git rev-parse --show-toplevel [97ms]
2026-05-04 15:31:20.635 [info] fatal: not a git repository (or any parent up to mount point /)
Stopping at filesystem boundary (GIT_DISCOVERY_ACROSS_FILESYSTEM not set).
2026-05-04 15:31:20.651 [info] > git rev-parse --show-toplevel [8ms]
2026-05-04 15:31:20.651 [info] fatal: not a git repository (or any parent up to mount point /)
Stopping at filesystem boundary (GIT_DISCOVERY_ACROSS_FILESYSTEM not set).
2026-05-04 15:31:20.694 [info] > git rev-parse --show-toplevel [31ms]
2026-05-04 15:31:20.694 [info] fatal: not a git repository (or any parent up to mount point /)
Stopping at filesystem boundary (GIT_DISCOVERY_ACROSS_FILESYSTEM not set).
2026-05-04 15:31:20.728 [info] > git rev-parse --show-toplevel [18ms]
2026-05-04 15:31:20.728 [info] fatal: not a git repository (or any parent up to mount point /)
Stopping at filesystem boundary (GIT_DISCOVERY_ACROSS_FILESYSTEM not set).
2026-05-04 15:31:21.532 [info] > git rev-parse --show-toplevel [1ms]
2026-05-04 15:31:21.532 [info] fatal: not a git repository (or any parent up to mount point /)
Stopping at filesystem boundary (GIT_DISCOVERY_ACROSS_FILESYSTEM not set).
