2026-04-29 11:50:07.097 [info] Reading sessions from keychain...
2026-04-29 11:50:07.097 [info] Getting sessions for all scopes...
2026-04-29 11:50:07.122 [info] Got stored sessions!
2026-04-29 11:50:07.123 [info] Got 2 verified sessions.
2026-04-29 11:50:07.123 [info] Got 2 sessions for ...
2026-04-29 11:50:07.123 [info] Getting sessions for all scopes...
2026-04-29 11:50:07.123 [info] Got 2 sessions for ...
2026-04-29 11:50:07.163 [info] Getting sessions for all scopes...
2026-04-29 11:50:07.163 [info] Got 2 sessions for ...
2026-04-29 11:50:07.214 [info] Getting sessions for all scopes...
2026-04-29 11:50:07.214 [info] Got 2 sessions for ...
2026-04-29 11:50:07.215 [info] Getting sessions for all scopes...
2026-04-29 11:50:07.215 [info] Got 2 sessions for ...
2026-04-29 11:50:07.292 [info] Getting sessions for all scopes...
2026-04-29 11:50:07.292 [info] Got 2 sessions for ...
2026-04-29 11:50:08.739 [info] Getting sessions for user:email...
2026-04-29 11:50:08.740 [info] Got 1 sessions for user:email...
2026-04-29 11:50:08.744 [info] Getting sessions for all scopes...
2026-04-29 11:50:08.744 [info] Got 2 sessions for ...
2026-04-29 11:50:08.759 [info] Getting sessions for all scopes...
2026-04-29 11:50:08.759 [info] Got 2 sessions for ...
2026-04-29 11:50:08.759 [info] Getting sessions for all scopes...
2026-04-29 11:50:08.759 [info] Got 2 sessions for ...
2026-04-29 11:50:08.881 [info] Getting sessions for all scopes...
2026-04-29 11:50:08.881 [info] Got 2 sessions for ...
2026-04-29 11:50:08.959 [info] Getting sessions for all scopes...
2026-04-29 11:50:08.960 [info] Got 2 sessions for ...
2026-04-29 11:50:08.960 [info] Getting sessions for all scopes...
2026-04-29 11:50:08.960 [info] Got 2 sessions for ...
2026-04-29 11:50:09.031 [info] Getting sessions for all scopes...
2026-04-29 11:50:09.031 [info] Got 2 sessions for ...
2026-04-29 11:50:09.201 [info] Getting sessions for all scopes...
2026-04-29 11:50:09.201 [info] Got 2 sessions for ...
2026-04-29 11:50:09.203 [info] Getting sessions for project,read:org,read:user,repo,user:email,workflow...
2026-04-29 11:50:09.203 [info] Got 0 sessions for project,read:org,read:user,repo,user:email,workflow...
2026-04-29 11:50:09.583 [info] Getting sessions for read:user,repo,user:email,workflow...
2026-04-29 11:50:09.583 [info] Got 1 sessions for read:user,repo,user:email,workflow...
2026-04-29 11:50:09.588 [info] Getting sessions for read:user,repo,user:email,workflow...
2026-04-29 11:50:09.588 [info] Got 1 sessions for read:user,repo,user:email,workflow...
2026-04-29 11:50:09.694 [info] Getting sessions for user:email...
2026-04-29 11:50:09.694 [info] Got 1 sessions for user:email...
2026-04-29 11:50:10.094 [info] Getting sessions for all scopes...
2026-04-29 11:50:10.094 [info] Got 2 sessions for ...
2026-04-29 11:50:10.097 [info] Getting sessions for read:user,repo,user:email,workflow...
2026-04-29 11:50:10.097 [info] Got 1 sessions for read:user,repo,user:email,workflow...
2026-04-29 11:50:10.257 [info] Getting sessions for all scopes...
2026-04-29 11:50:10.257 [info] Got 2 sessions for ...
2026-04-29 11:50:10.258 [info] Getting sessions for all scopes...
2026-04-29 11:50:10.258 [info] Got 2 sessions for ...
2026-04-29 11:50:10.260 [info] Getting sessions for read:user,repo,user:email,workflow...
2026-04-29 11:50:10.260 [info] Got 1 sessions for read:user,repo,user:email,workflow...
2026-04-29 11:50:10.354 [info] Getting sessions for all scopes...
2026-04-29 11:50:10.354 [info] Got 2 sessions for ...
2026-04-29 11:50:10.355 [info] Getting sessions for all scopes...
2026-04-29 11:50:10.355 [info] Got 2 sessions for ...
2026-04-29 11:50:10.357 [info] Getting sessions for read:user,repo,user:email,workflow...
2026-04-29 11:50:10.357 [info] Got 1 sessions for read:user,repo,user:email,workflow...
2026-04-29 11:50:10.447 [info] Getting sessions for all scopes...
2026-04-29 11:50:10.448 [info] Got 2 sessions for ...
2026-04-29 11:50:10.450 [info] Getting sessions for all scopes...
2026-04-29 11:50:10.450 [info] Got 2 sessions for ...
2026-04-29 11:50:10.475 [info] Getting sessions for all scopes...
2026-04-29 11:50:10.475 [info] Got 2 sessions for ...
2026-04-29 11:50:10.475 [info] Getting sessions for read:user,repo,user:email,workflow...
2026-04-29 11:50:10.475 [info] Got 1 sessions for read:user,repo,user:email,workflow...
2026-04-29 11:50:10.619 [info] Getting sessions for all scopes...
2026-04-29 11:50:10.619 [info] Got 2 sessions for ...
2026-04-29 11:50:10.620 [info] Getting sessions for read:user,repo,user:email,workflow...
2026-04-29 11:50:10.620 [info] Got 1 sessions for read:user,repo,user:email,workflow...
2026-04-29 11:50:10.815 [info] Getting sessions for all scopes...
2026-04-29 11:50:10.815 [info] Got 2 sessions for ...
2026-04-29 11:50:10.816 [info] Getting sessions for read:user,repo,user:email,workflow...
2026-04-29 11:50:10.816 [info] Got 1 sessions for read:user,repo,user:email,workflow...
2026-04-29 11:50:26.850 [info] Getting sessions for all scopes...
2026-04-29 11:50:26.850 [info] Got 2 sessions for ...
2026-04-29 11:50:26.852 [info] Getting sessions for all scopes...
2026-04-29 11:50:26.852 [info] Got 2 sessions for ...
