2026-04-29 11:51:16.522 [info] Reading sessions from keychain...
2026-04-29 11:51:16.522 [info] Getting sessions for all scopes...
2026-04-29 11:51:16.522 [info] Got stored sessions!
2026-04-29 11:51:16.522 [info] Got 2 verified sessions.
2026-04-29 11:51:16.522 [info] Got 2 sessions for ...
2026-04-29 11:51:16.522 [info] Getting sessions for all scopes...
2026-04-29 11:51:16.522 [info] Got 2 sessions for ...
2026-04-29 11:51:16.522 [info] Getting sessions for all scopes...
2026-04-29 11:51:16.522 [info] Got 2 sessions for ...
2026-04-29 11:51:16.557 [info] Getting sessions for all scopes...
2026-04-29 11:51:16.557 [info] Got 2 sessions for ...
2026-04-29 11:51:16.575 [info] Getting sessions for all scopes...
2026-04-29 11:51:16.575 [info] Got 2 sessions for ...
2026-04-29 11:51:18.182 [info] Getting sessions for all scopes...
2026-04-29 11:51:18.182 [info] Got 2 sessions for ...
2026-04-29 11:51:18.183 [info] Getting sessions for user:email...
2026-04-29 11:51:18.183 [info] Got 1 sessions for user:email...
2026-04-29 11:51:18.187 [info] Getting sessions for all scopes...
2026-04-29 11:51:18.187 [info] Got 2 sessions for ...
2026-04-29 11:51:18.191 [info] Getting sessions for all scopes...
2026-04-29 11:51:18.191 [info] Got 2 sessions for ...
2026-04-29 11:51:18.207 [info] Getting sessions for all scopes...
2026-04-29 11:51:18.207 [info] Got 2 sessions for ...
2026-04-29 11:51:18.408 [info] Getting sessions for all scopes...
2026-04-29 11:51:18.408 [info] Got 2 sessions for ...
2026-04-29 11:51:18.408 [info] Getting sessions for all scopes...
2026-04-29 11:51:18.408 [info] Got 2 sessions for ...
2026-04-29 11:51:18.478 [info] Getting sessions for all scopes...
2026-04-29 11:51:18.478 [info] Got 2 sessions for ...
2026-04-29 11:51:18.479 [info] Getting sessions for project,read:org,read:user,repo,user:email,workflow...
2026-04-29 11:51:18.479 [info] Got 0 sessions for project,read:org,read:user,repo,user:email,workflow...
2026-04-29 11:51:19.080 [info] Getting sessions for read:user,repo,user:email,workflow...
2026-04-29 11:51:19.080 [info] Got 1 sessions for read:user,repo,user:email,workflow...
2026-04-29 11:51:19.105 [info] Getting sessions for read:user,repo,user:email,workflow...
2026-04-29 11:51:19.105 [info] Got 1 sessions for read:user,repo,user:email,workflow...
2026-04-29 11:51:19.305 [info] Getting sessions for user:email...
2026-04-29 11:51:19.305 [info] Got 1 sessions for user:email...
2026-04-29 11:51:19.367 [info] Getting sessions for all scopes...
2026-04-29 11:51:19.367 [info] Got 2 sessions for ...
2026-04-29 11:51:19.649 [info] Getting sessions for all scopes...
2026-04-29 11:51:19.649 [info] Got 2 sessions for ...
2026-04-29 11:51:19.651 [info] Getting sessions for all scopes...
2026-04-29 11:51:19.651 [info] Got 2 sessions for ...
2026-04-29 11:51:19.651 [info] Getting sessions for read:user,repo,user:email,workflow...
2026-04-29 11:51:19.651 [info] Got 1 sessions for read:user,repo,user:email,workflow...
2026-04-29 11:51:19.716 [info] Getting sessions for all scopes...
2026-04-29 11:51:19.716 [info] Got 2 sessions for ...
2026-04-29 11:51:19.725 [info] Getting sessions for all scopes...
2026-04-29 11:51:19.725 [info] Got 2 sessions for ...
2026-04-29 11:51:19.727 [info] Getting sessions for read:user,repo,user:email,workflow...
2026-04-29 11:51:19.727 [info] Got 1 sessions for read:user,repo,user:email,workflow...
2026-04-29 11:51:19.803 [info] Getting sessions for all scopes...
2026-04-29 11:51:19.803 [info] Got 2 sessions for ...
2026-04-29 11:51:19.804 [info] Getting sessions for all scopes...
2026-04-29 11:51:19.804 [info] Got 2 sessions for ...
2026-04-29 11:51:20.018 [info] Getting sessions for all scopes...
2026-04-29 11:51:20.018 [info] Got 2 sessions for ...
2026-04-29 11:51:20.019 [info] Getting sessions for read:user,repo,user:email,workflow...
2026-04-29 11:51:20.019 [info] Got 1 sessions for read:user,repo,user:email,workflow...
2026-04-29 11:51:20.186 [info] Getting sessions for all scopes...
2026-04-29 11:51:20.186 [info] Got 2 sessions for ...
2026-04-29 11:51:20.187 [info] Getting sessions for read:user,repo,user:email,workflow...
2026-04-29 11:51:20.187 [info] Got 1 sessions for read:user,repo,user:email,workflow...
2026-04-29 11:51:20.263 [info] Getting sessions for all scopes...
2026-04-29 11:51:20.263 [info] Got 2 sessions for ...
2026-04-29 11:51:20.268 [info] Getting sessions for read:user,repo,user:email,workflow...
2026-04-29 11:51:20.268 [info] Got 1 sessions for read:user,repo,user:email,workflow...
2026-04-29 11:51:21.325 [info] Getting sessions for all scopes...
2026-04-29 11:51:21.325 [info] Got 2 sessions for ...
2026-04-29 11:51:23.340 [info] Getting sessions for all scopes...
2026-04-29 11:51:23.340 [info] Got 2 sessions for ...
2026-04-29 11:51:27.677 [info] Getting sessions for all scopes...
2026-04-29 11:51:27.677 [info] Got 2 sessions for ...
2026-04-29 11:51:27.677 [info] Getting sessions for all scopes...
2026-04-29 11:51:27.677 [info] Got 2 sessions for ...
