2026-04-29 11:49:44.056 [warning] /home/s/.ssh/config: ENOENT: no such file or directory, open '/home/s/.ssh/config'
2026-04-29 11:49:44.056 [info] [Activation] Extension version: 0.140.0
2026-04-29 11:49:44.354 [info] [Authentication] Creating hub for .com
2026-04-29 11:49:44.603 [info] [Activation] Registering built in git provider.
2026-04-29 11:49:44.603 [info] [Activation] Looking for git repository
2026-04-29 11:49:44.603 [info] [Activation] Found 0 repositories during activation
2026-04-29 11:49:44.603 [info] [Activation] Git repository found, initializing review manager and pr tree view.
2026-04-29 11:49:44.615 [info] [GitAPI] Registering git provider
2026-04-29 11:49:44.615 [info] [Review+0] Validate state in progress
2026-04-29 11:49:44.615 [info] [Review+0] Validating state...
2026-04-29 11:49:44.746 [info] [FolderRepositoryManager+0] Found GitHub remote for folder /home/s/repos/dotfiles
2026-04-29 11:49:44.824 [info] [GitPostCommitCommands] Trying to register post commit commands.
2026-04-29 11:49:44.824 [info] [GitPostCommitCommands] GitHub remote(s) found, registering post commit commands.
2026-04-29 11:49:44.824 [info] [GitPostCommitCommands] Looking for remote. Comparing 1 local repo remotes with 1 GitHub repositories.
2026-04-29 11:49:44.824 [info] [GitPostCommitCommands] Found a repo when getting post commit commands.
2026-04-29 11:49:44.824 [info] [GitPostCommitCommands] Looking for remote. Comparing 1 local repo remotes with 1 GitHub repositories.
2026-04-29 11:49:44.824 [info] [GitPostCommitCommands] Found a repo when getting post commit commands.
2026-04-29 11:49:45.286 [info] [Activation] Repo state for file:///home/s/repos/dotfiles changed.
2026-04-29 11:49:45.286 [info] [Activation] Repo file:///home/s/repos/dotfiles has already been setup.
2026-04-29 11:49:45.344 [info] [GitPostCommitCommands] Looking for remote. Comparing 1 local repo remotes with 1 GitHub repositories.
2026-04-29 11:49:45.344 [info] [GitPostCommitCommands] Found a repo when getting post commit commands.
2026-04-29 11:49:45.344 [info] [GitPostCommitCommands] Looking for remote. Comparing 1 local repo remotes with 1 GitHub repositories.
2026-04-29 11:49:45.344 [info] [GitPostCommitCommands] Found a repo when getting post commit commands.
2026-04-29 11:49:45.538 [info] [FolderRepositoryManager+0] Trying to use globalState for assignableUsers.
2026-04-29 11:49:45.684 [info] [Review+0] No matching pull request metadata found locally for current branch main
2026-04-29 11:49:45.760 [info] [Review+0] No matching pull request metadata found on GitHub for current branch main
2026-04-29 11:49:45.777 [info] [FolderRepositoryManager+0] Using globalState assignableUsers for 1.
