2026-04-29 11:49:39.684 [info] Reading sessions from keychain...
2026-04-29 11:49:39.684 [info] Getting sessions for all scopes...
2026-04-29 11:49:39.767 [info] Got stored sessions!
2026-04-29 11:49:39.767 [info] Got 2 verified sessions.
2026-04-29 11:49:39.767 [info] Got 2 sessions for ...
2026-04-29 11:49:39.768 [info] Getting sessions for all scopes...
2026-04-29 11:49:39.768 [info] Got 2 sessions for ...
2026-04-29 11:49:39.884 [info] Getting sessions for all scopes...
2026-04-29 11:49:39.884 [info] Got 2 sessions for ...
2026-04-29 11:49:39.905 [info] Getting sessions for all scopes...
2026-04-29 11:49:39.905 [info] Got 2 sessions for ...
2026-04-29 11:49:40.219 [info] Getting sessions for all scopes...
2026-04-29 11:49:40.219 [info] Got 2 sessions for ...
2026-04-29 11:49:40.241 [info] Getting sessions for all scopes...
2026-04-29 11:49:40.241 [info] Got 2 sessions for ...
2026-04-29 11:49:40.244 [info] Getting sessions for user:email...
2026-04-29 11:49:40.244 [info] Got 1 sessions for user:email...
2026-04-29 11:49:42.296 [info] Getting sessions for all scopes...
2026-04-29 11:49:42.296 [info] Got 2 sessions for ...
2026-04-29 11:49:42.307 [info] Getting sessions for all scopes...
2026-04-29 11:49:42.307 [info] Got 2 sessions for ...
2026-04-29 11:49:42.309 [info] Getting sessions for all scopes...
2026-04-29 11:49:42.309 [info] Got 2 sessions for ...
2026-04-29 11:49:42.333 [info] Getting sessions for all scopes...
2026-04-29 11:49:42.333 [info] Got 2 sessions for ...
2026-04-29 11:49:42.750 [info] Getting sessions for all scopes...
2026-04-29 11:49:42.750 [info] Got 2 sessions for ...
2026-04-29 11:49:42.855 [info] Getting sessions for all scopes...
2026-04-29 11:49:42.855 [info] Got 2 sessions for ...
2026-04-29 11:49:42.855 [info] Getting sessions for all scopes...
2026-04-29 11:49:42.855 [info] Got 2 sessions for ...
2026-04-29 11:49:43.042 [info] Getting sessions for all scopes...
2026-04-29 11:49:43.042 [info] Got 2 sessions for ...
2026-04-29 11:49:43.056 [info] Getting sessions for project,read:org,read:user,repo,user:email,workflow...
2026-04-29 11:49:43.056 [info] Got 0 sessions for project,read:org,read:user,repo,user:email,workflow...
2026-04-29 11:49:44.040 [info] Getting sessions for read:user,repo,user:email,workflow...
2026-04-29 11:49:44.040 [info] Got 1 sessions for read:user,repo,user:email,workflow...
2026-04-29 11:49:44.041 [info] Getting sessions for read:user,repo,user:email,workflow...
2026-04-29 11:49:44.042 [info] Got 1 sessions for read:user,repo,user:email,workflow...
2026-04-29 11:49:44.070 [info] Getting sessions for read:user,repo,user:email,workflow...
2026-04-29 11:49:44.070 [info] Got 1 sessions for read:user,repo,user:email,workflow...
2026-04-29 11:49:44.527 [info] Getting sessions for all scopes...
2026-04-29 11:49:44.527 [info] Got 2 sessions for ...
2026-04-29 11:49:44.629 [info] Getting sessions for user:email...
2026-04-29 11:49:44.629 [info] Got 1 sessions for user:email...
2026-04-29 11:49:44.836 [info] Getting sessions for read:user,repo,user:email,workflow...
2026-04-29 11:49:44.836 [info] Got 1 sessions for read:user,repo,user:email,workflow...
2026-04-29 11:49:44.838 [info] Getting sessions for all scopes...
2026-04-29 11:49:44.838 [info] Got 2 sessions for ...
2026-04-29 11:49:45.061 [info] Getting sessions for read:user,repo,user:email,workflow...
2026-04-29 11:49:45.061 [info] Got 1 sessions for read:user,repo,user:email,workflow...
2026-04-29 11:49:45.290 [info] Getting sessions for all scopes...
2026-04-29 11:49:45.290 [info] Got 2 sessions for ...
2026-04-29 11:49:45.293 [info] Getting sessions for all scopes...
2026-04-29 11:49:45.293 [info] Got 2 sessions for ...
2026-04-29 11:49:45.297 [info] Getting sessions for all scopes...
2026-04-29 11:49:45.297 [info] Got 2 sessions for ...
2026-04-29 11:49:45.300 [info] Getting sessions for read:user,repo,user:email,workflow...
2026-04-29 11:49:45.300 [info] Got 1 sessions for read:user,repo,user:email,workflow...
2026-04-29 11:49:45.398 [info] Getting sessions for all scopes...
2026-04-29 11:49:45.398 [info] Got 2 sessions for ...
2026-04-29 11:49:45.403 [info] Getting sessions for all scopes...
2026-04-29 11:49:45.403 [info] Got 2 sessions for ...
2026-04-29 11:49:45.940 [info] Getting sessions for all scopes...
2026-04-29 11:49:45.940 [info] Got 2 sessions for ...
2026-04-29 11:49:45.940 [info] Getting sessions for all scopes...
2026-04-29 11:49:45.940 [info] Got 2 sessions for ...
2026-04-29 11:49:46.002 [info] Getting sessions for read:user,repo,user:email,workflow...
2026-04-29 11:49:46.003 [info] Got 1 sessions for read:user,repo,user:email,workflow...
2026-04-29 11:49:46.043 [info] Getting sessions for all scopes...
2026-04-29 11:49:46.043 [info] Got 2 sessions for ...
2026-04-29 11:49:46.053 [info] Getting sessions for all scopes...
2026-04-29 11:49:46.053 [info] Got 2 sessions for ...
2026-04-29 11:49:46.056 [info] Getting sessions for read:user,repo,user:email,workflow...
2026-04-29 11:49:46.056 [info] Got 1 sessions for read:user,repo,user:email,workflow...
2026-04-29 11:49:46.527 [info] Getting sessions for all scopes...
2026-04-29 11:49:46.527 [info] Got 2 sessions for ...
2026-04-29 11:49:46.528 [info] Getting sessions for read:user,repo,user:email,workflow...
2026-04-29 11:49:46.528 [info] Got 1 sessions for read:user,repo,user:email,workflow...
2026-04-29 11:50:05.900 [info] Getting sessions for all scopes...
2026-04-29 11:50:05.900 [info] Got 2 sessions for ...
2026-04-29 11:50:05.901 [info] Getting sessions for all scopes...
2026-04-29 11:50:05.901 [info] Got 2 sessions for ...
