[28126][1777471356237][main][info]["Booting Postman 12.7.6, linux-6.18.24-1-lts on x64"]
[28126][1777471356239][main][info]["EventBus~initialize - Success"]
[28126][1777471356241][main][info]["Proxy configuration has not been setup"]
[28126][1777471356241][main][info]["CloudProxyManager~init - Success"]
[28126][1777471356243][main][info]["performShellDataMigration: Starting shell data migration"]
[28126][1777471356243][main][info]["migrateShellData:Starting"]
[28126][1777471356245][main][info]["migrateShellData: Old storage cleaned up"]
[28126][1777471356525][main][info]["migrateShellData: Got data from shell. Writing to storage"]
[28126][1777471356531][main][info]["performShellDataMigration: Migration successful on try count 1"]
[28126][1777471356540][main][info]["UpdateHandler~init - Success"]
[28126][1777471356543][main][info]["LeaderSelection: Initialized successfully"]
[28126][1777471356545][main][info]["[DatasetEngine] Starting daemon (engine version: 0.0.1-beta.11, platform: linux-x64)"]
[28126][1777471356545][main][info]["[DatasetEngine] Extracting /opt/postman/app/resources/data/postman-dataset-engine-linux-amd64.tar.br to /home/s/.config/Postman/dataset-engine"]
[28126][1777471356605][main][info]["main~onAppReady - Mock server IPC setup successful"]
[28126][1777471356662][main][info]["GPU detected VID 4318 DID 7298 ACTIVE true"]
[28126][1777471356849][main][info]["main.js: Agent started"]
[28126][1777471356849][main][info]["main.js: Payment view IPC handlers initialized"]
[28126][1777471356849][main][info]["shellController~init: Success"]
[28126][1777471356849][main][info]["shellMeta~init: Success"]
[28126][1777471356850][main][info]["partitionMigrationService: State of V7 partition:"]
[28126][1777471356850][main][info]["partitionMigrationService: V7 partitions",[]]
[28126][1777471356850][main][info]["partitionMigrationService~rectifyNamespaceOfScratchPadPartition: There is no partition with scratchpad namespace"]
[28126][1777471356850][main][info]["partitionMigrationService~rectifyNamespaceOfScratchPadPartition: There is no transit partition which could have been used for scratchpad"]
[28126][1777471356850][main][info]["partitionMigrationService~init: Success"]
[28126][1777471356850][main][info]["partitionMigrationService~runV8PartitionsIntegrity: Two way migration~ removing the following partitions from v8",[]]
[28126][1777471356851][main][info]["userPartitionService~_rectifyTheActivePartitionOfApplication: Setting the active partition to ",null]
[28126][1777471356858][main][info]["Main~window-all-closed: fired",{"platform":"linux","isFirstRequesterBooted":false,"isRelaunchingRequesterWindows":false,"shouldQuit":false}]
[28126][1777471356858][main][info]["Main~window-all-closed: skipping quit (relaunch in progress)"]
[28126][1777471356869][main][info]["LinuxAutoUpdater~Cleanup - Initial cleanup successful"]
[28126][1777471356875][main][info]["newAccountRegionPreferenceService~getPreferenceWithFallback - Preference not found in storage."]
[28126][1777471356875][main][info]["newAccountRegionPreferenceService~getToggleMenuTemplate - Using preference:","useUSRegion"]
[28126][1777471356893][main][info]["userPartitionService~init: Success"]
[28126][1777471356915][main][info]["WindowManager~newRequesterWindow: called",{"source":"openFirstRequesterWindow","isFirstRequester":true,"hasAuthResponse":false,"hasWindowId":false,"isFirstRequesterBooted":false,"isRelaunchingRequesterWindows":false,"openWindowCount":0}]
[28126][1777471356915][main][info]["userPartitionService: State of v8 partition system:"]
[28126][1777471356915][main][info]["shell~init~getPartitionToLoad: loading scratchpad partition"]
[28126][1777471356915][main][info]["userPartitionService: List of partitions:",[]]
[28126][1777471356915][main][info]["userPartitionService: users global meta:",{}]
[28126][1777471356929][main][info]["Main:windowManager~newRequesterWindow: Fetch and update runtime config: undefined"]
[28126][1777471357137][main][info]["[DatasetEngine] Extraction complete (version: 0.0.1-beta.11)"]
[28126][1777471357137][main][info]["[DatasetEngine] Extraction took 592ms"]
[28126][1777471357139][main][info]["[DatasetEngine] Allocated port 38479 for daemon"]
[28126][1777471357140][main][info]["[DatasetEngine] Config written to /home/s/.config/Postman/dataset-engine/config.yml (port: 38479)"]
[28126][1777471357140][main][info]["[DatasetEngine] Spawning /home/s/.config/Postman/dataset-engine/postman-dataset-engine on port 38479"]
[28126][1777471357145][main][info]["[DatasetEngine] Secret channel: requests on fd 3, responses on fd 4"]
[28126][1777471357150][main][info]["[DatasetEngine] [daemon] 2026-04-29T11:02:37-03:00 INF ../../home/runner/work/dataset-engine/dataset-engine/pkg/lib/lib.go:89 > starting dataset daemon"]
[28126][1777471357165][main][info]["[DatasetEngine] [daemon] 2026-04-29T11:02:37-03:00 INF ../../home/runner/work/dataset-engine/dataset-engine/pkg/lib/lib.go:167 > opened meta.db for persistence path=/home/s/.config/Postman/dataset-engine/data/meta.db\n2026-04-29T11:02:37-03:00 INF ../../home/runner/work/dataset-engine/dataset-engine/pkg/lib/lib.go:405 > auto-discovered sqlite-xsv extension path=/home/s/.config/Postman/dataset-engine/xsv0.so"]
[28126][1777471357166][main][info]["[DatasetEngine] [daemon] 2026-04-29T11:02:37-03:00 INF ../../home/runner/work/dataset-engine/dataset-engine/cmd/daemon/main.go:130 > secret resolver wired on fd 3 (write) / fd 4 (read)\n2026-04-29T11:02:37-03:00 INF ../../home/runner/work/dataset-engine/dataset-engine/pkg/ipc/server.go:52 > IPC server started – reading from stdin component=ipc-server\n2026-04-29T11:02:37-03:00 INF ../../home/runner/work/dataset-engine/dataset-engine/pkg/http/server.go:61 > HTTP server listening address=127.0.0.1:38479 component=http"]
[28126][1777471357452][main][info]["[DatasetEngine] [daemon] 2026-04-29T11:02:37-03:00 INF ../../home/runner/work/dataset-engine/dataset-engine/pkg/http/middleware.go:39 > HTTP request component=http duration=0.018964 method=GET path=/v1/health request_id=e0baa6c0-fc2b-4887-b64f-54cf9cbd71fe status=200"]
[28126][1777471357453][main][info]["[DatasetEngine] Spawn + health check took 313ms"]
[28126][1777471357453][main][info]["[DatasetEngine] Daemon ready at http://127.0.0.1:38479 (total startup: 909ms)"]
[28126][1777471359540][main][info]["RuntimeIPCAgent~started: Success"]
[28126][1777471359578][main][info]["Main~scratchpadThemeAction:: action: set, value: dark"]
[28126][1777471359580][main][info]["Main~scratchpadThemeAction:: action: set, value: dark"]
[28126][1777471359590][main][info]["Main~scratchpadThemeAction:: action: set, value: dark"]
[28126][1777471359598][main][info]["UpdateHandler~app-update-events - Received event",{"name":"checkForElectronVersionUpdated","namespace":"appUpdate"}]
[28126][1777471359603][main][info]["windowManager: First requester booted successfully."]
[28126][1777471359603][main][info]["windowManager~restoreWindows: Restoring requester windows"]
[28126][1777471359604][main][info]["WebVersionService: Initialized successfully with version: undefined"]
[28126][1777471359604][main][info]["Main~AppEvents - Received booted event for process requester.Version undefined UI Version: undefined Desktop Platform Version: 12.7.6"]
[28126][1777471360537][main][info]["WindowManager~closeHandler - Closed Window (id: 2 )"]
[28126][1777471360578][main][info]["[FileSystemService] Cleaned up 0 watchers for web contents 2"]
[28126][1777471360581][main][info]["Main~window-all-closed: fired",{"platform":"linux","isFirstRequesterBooted":true,"isRelaunchingRequesterWindows":false,"shouldQuit":true}]
[28126][1777471360581][main][info]["Main~window-all-closed: calling app.quit()"]
[28126][1777471360581][main][info]["Quitting app"]
[28126][1777471360582][main][info]["Mock servers cleanup completed"]
[28126][1777471360582][main][info]["[DatasetEngine] Killing daemon (pid: 28231)"]
[28126][1777471360720][main][info]["[DatasetEngine] Daemon exited with code null, signal SIGKILL"]
