2026-05-01 01:34:17.432 [info] Reading sessions from keychain...
2026-05-01 01:34:17.432 [info] Getting sessions for all scopes...
2026-05-01 01:34:17.432 [info] Got stored sessions!
2026-05-01 01:34:17.432 [info] Got 2 verified sessions.
2026-05-01 01:34:17.432 [info] Got 2 sessions for ...
2026-05-01 01:34:17.432 [info] Getting sessions for all scopes...
2026-05-01 01:34:17.432 [info] Got 2 sessions for ...
2026-05-01 01:34:17.641 [info] Getting sessions for all scopes...
2026-05-01 01:34:17.641 [info] Got 2 sessions for ...
2026-05-01 01:34:17.884 [info] Getting sessions for all scopes...
2026-05-01 01:34:17.885 [info] Got 2 sessions for ...
2026-05-01 01:34:17.888 [info] Getting sessions for all scopes...
2026-05-01 01:34:17.888 [info] Got 2 sessions for ...
2026-05-01 01:34:17.893 [info] Getting sessions for user:email...
2026-05-01 01:34:17.894 [info] Got 1 sessions for user:email...
2026-05-01 01:34:17.934 [info] Getting sessions for all scopes...
2026-05-01 01:34:17.934 [info] Got 2 sessions for ...
2026-05-01 01:34:17.960 [info] Getting sessions for all scopes...
2026-05-01 01:34:17.960 [info] Got 2 sessions for ...
2026-05-01 01:34:20.176 [info] Getting sessions for all scopes...
2026-05-01 01:34:20.176 [info] Got 2 sessions for ...
2026-05-01 01:34:20.186 [info] Getting sessions for all scopes...
2026-05-01 01:34:20.186 [info] Got 2 sessions for ...
2026-05-01 01:34:20.187 [info] Getting sessions for all scopes...
2026-05-01 01:34:20.187 [info] Got 2 sessions for ...
2026-05-01 01:34:20.576 [info] Getting sessions for all scopes...
2026-05-01 01:34:20.576 [info] Got 2 sessions for ...
2026-05-01 01:34:20.576 [info] Getting sessions for all scopes...
2026-05-01 01:34:20.576 [info] Got 2 sessions for ...
2026-05-01 01:34:20.728 [info] Getting sessions for all scopes...
2026-05-01 01:34:20.728 [info] Got 2 sessions for ...
2026-05-01 01:34:20.730 [info] Getting sessions for all scopes...
2026-05-01 01:34:20.730 [info] Got 2 sessions for ...
2026-05-01 01:34:20.925 [info] Getting sessions for project,read:org,read:user,repo,user:email,workflow...
2026-05-01 01:34:20.925 [info] Got 0 sessions for project,read:org,read:user,repo,user:email,workflow...
2026-05-01 01:34:21.309 [info] Getting sessions for read:user,repo,user:email,workflow...
2026-05-01 01:34:21.309 [info] Got 1 sessions for read:user,repo,user:email,workflow...
2026-05-01 01:34:21.334 [info] Getting sessions for read:user,repo,user:email,workflow...
2026-05-01 01:34:21.334 [info] Got 1 sessions for read:user,repo,user:email,workflow...
2026-05-01 01:34:21.484 [info] Getting sessions for user:email...
2026-05-01 01:34:21.485 [info] Got 1 sessions for user:email...
2026-05-01 01:34:21.804 [info] Getting sessions for all scopes...
2026-05-01 01:34:21.804 [info] Got 2 sessions for ...
2026-05-01 01:34:21.804 [info] Getting sessions for all scopes...
2026-05-01 01:34:21.804 [info] Got 2 sessions for ...
2026-05-01 01:34:21.805 [info] Getting sessions for read:user,repo,user:email,workflow...
2026-05-01 01:34:21.805 [info] Got 1 sessions for read:user,repo,user:email,workflow...
2026-05-01 01:34:21.910 [info] Getting sessions for all scopes...
2026-05-01 01:34:21.910 [info] Got 2 sessions for ...
2026-05-01 01:34:21.911 [info] Getting sessions for all scopes...
2026-05-01 01:34:21.911 [info] Got 2 sessions for ...
2026-05-01 01:34:21.912 [info] Getting sessions for read:user,repo,user:email,workflow...
2026-05-01 01:34:21.913 [info] Got 1 sessions for read:user,repo,user:email,workflow...
2026-05-01 01:34:21.987 [info] Getting sessions for all scopes...
2026-05-01 01:34:21.987 [info] Got 2 sessions for ...
2026-05-01 01:34:21.988 [info] Getting sessions for all scopes...
2026-05-01 01:34:21.988 [info] Got 2 sessions for ...
2026-05-01 01:34:22.212 [info] Getting sessions for all scopes...
2026-05-01 01:34:22.212 [info] Got 2 sessions for ...
2026-05-01 01:34:22.214 [info] Getting sessions for read:user,repo,user:email,workflow...
2026-05-01 01:34:22.214 [info] Got 1 sessions for read:user,repo,user:email,workflow...
2026-05-01 01:34:22.400 [info] Getting sessions for all scopes...
2026-05-01 01:34:22.400 [info] Got 2 sessions for ...
2026-05-01 01:34:22.403 [info] Getting sessions for read:user,repo,user:email,workflow...
2026-05-01 01:34:22.403 [info] Got 1 sessions for read:user,repo,user:email,workflow...
2026-05-01 01:34:31.911 [info] Getting sessions for all scopes...
2026-05-01 01:34:31.911 [info] Got 2 sessions for ...
2026-05-01 01:34:31.912 [info] Getting sessions for all scopes...
2026-05-01 01:34:31.912 [info] Got 2 sessions for ...
2026-05-01 01:34:55.889 [info] Getting sessions for all scopes...
2026-05-01 01:34:55.889 [info] Got 2 sessions for ...
2026-05-01 01:34:55.893 [info] Getting sessions for all scopes...
2026-05-01 01:34:55.893 [info] Got 2 sessions for ...
2026-05-01 01:35:28.589 [info] Getting sessions for all scopes...
2026-05-01 01:35:28.589 [info] Got 2 sessions for ...
2026-05-01 01:35:28.589 [info] Getting sessions for all scopes...
2026-05-01 01:35:28.589 [info] Got 2 sessions for ...
2026-05-01 01:35:29.436 [info] Getting sessions for all scopes...
2026-05-01 01:35:29.436 [info] Got 2 sessions for ...
2026-05-01 01:35:29.439 [info] Getting sessions for all scopes...
2026-05-01 01:35:29.439 [info] Got 2 sessions for ...
