2026-04-30 12:43:38.744 [info] Reading sessions from keychain...
2026-04-30 12:43:38.744 [info] Getting sessions for all scopes...
2026-04-30 12:43:38.744 [info] Got stored sessions!
2026-04-30 12:43:38.744 [info] Got 2 verified sessions.
2026-04-30 12:43:38.744 [info] Got 2 sessions for ...
2026-04-30 12:43:38.744 [info] Getting sessions for all scopes...
2026-04-30 12:43:38.744 [info] Got 2 sessions for ...
2026-04-30 12:43:38.803 [info] Getting sessions for all scopes...
2026-04-30 12:43:38.803 [info] Got 2 sessions for ...
2026-04-30 12:43:38.826 [info] Getting sessions for all scopes...
2026-04-30 12:43:38.826 [info] Got 2 sessions for ...
2026-04-30 12:43:38.898 [info] Getting sessions for all scopes...
2026-04-30 12:43:38.898 [info] Got 2 sessions for ...
2026-04-30 12:43:40.684 [info] Getting sessions for all scopes...
2026-04-30 12:43:40.684 [info] Got 2 sessions for ...
2026-04-30 12:43:40.686 [info] Getting sessions for user:email...
2026-04-30 12:43:40.686 [info] Got 1 sessions for user:email...
2026-04-30 12:43:40.690 [info] Getting sessions for all scopes...
2026-04-30 12:43:40.690 [info] Got 2 sessions for ...
2026-04-30 12:43:40.694 [info] Getting sessions for all scopes...
2026-04-30 12:43:40.694 [info] Got 2 sessions for ...
2026-04-30 12:43:40.862 [info] Getting sessions for all scopes...
2026-04-30 12:43:40.862 [info] Got 2 sessions for ...
2026-04-30 12:43:40.966 [info] Getting sessions for all scopes...
2026-04-30 12:43:40.966 [info] Got 2 sessions for ...
2026-04-30 12:43:40.967 [info] Getting sessions for all scopes...
2026-04-30 12:43:40.967 [info] Got 2 sessions for ...
2026-04-30 12:43:40.967 [info] Getting sessions for all scopes...
2026-04-30 12:43:40.967 [info] Got 2 sessions for ...
2026-04-30 12:43:41.130 [info] Getting sessions for all scopes...
2026-04-30 12:43:41.130 [info] Got 2 sessions for ...
2026-04-30 12:43:41.324 [info] Getting sessions for project,read:org,read:user,repo,user:email,workflow...
2026-04-30 12:43:41.324 [info] Got 0 sessions for project,read:org,read:user,repo,user:email,workflow...
2026-04-30 12:43:41.811 [info] Getting sessions for all scopes...
2026-04-30 12:43:41.811 [info] Got 2 sessions for ...
2026-04-30 12:43:41.812 [info] Getting sessions for all scopes...
2026-04-30 12:43:41.812 [info] Got 2 sessions for ...
2026-04-30 12:43:41.814 [info] Getting sessions for read:user,repo,user:email,workflow...
2026-04-30 12:43:41.814 [info] Got 1 sessions for read:user,repo,user:email,workflow...
2026-04-30 12:43:41.929 [info] Getting sessions for read:user,repo,user:email,workflow...
2026-04-30 12:43:41.929 [info] Got 1 sessions for read:user,repo,user:email,workflow...
2026-04-30 12:43:42.073 [info] Getting sessions for user:email...
2026-04-30 12:43:42.073 [info] Got 1 sessions for user:email...
2026-04-30 12:43:42.373 [info] Getting sessions for all scopes...
2026-04-30 12:43:42.373 [info] Got 2 sessions for ...
2026-04-30 12:43:42.373 [info] Getting sessions for all scopes...
2026-04-30 12:43:42.373 [info] Got 2 sessions for ...
2026-04-30 12:43:42.375 [info] Getting sessions for read:user,repo,user:email,workflow...
2026-04-30 12:43:42.375 [info] Got 1 sessions for read:user,repo,user:email,workflow...
2026-04-30 12:43:42.465 [info] Getting sessions for all scopes...
2026-04-30 12:43:42.465 [info] Got 2 sessions for ...
2026-04-30 12:43:42.467 [info] Getting sessions for all scopes...
2026-04-30 12:43:42.467 [info] Got 2 sessions for ...
2026-04-30 12:43:42.470 [info] Getting sessions for read:user,repo,user:email,workflow...
2026-04-30 12:43:42.470 [info] Got 1 sessions for read:user,repo,user:email,workflow...
2026-04-30 12:43:42.542 [info] Getting sessions for all scopes...
2026-04-30 12:43:42.542 [info] Got 2 sessions for ...
2026-04-30 12:43:42.542 [info] Getting sessions for all scopes...
2026-04-30 12:43:42.542 [info] Got 2 sessions for ...
2026-04-30 12:43:42.579 [info] Getting sessions for all scopes...
2026-04-30 12:43:42.579 [info] Got 2 sessions for ...
2026-04-30 12:43:42.580 [info] Getting sessions for read:user,repo,user:email,workflow...
2026-04-30 12:43:42.580 [info] Got 1 sessions for read:user,repo,user:email,workflow...
2026-04-30 12:43:42.769 [info] Getting sessions for all scopes...
2026-04-30 12:43:42.769 [info] Got 2 sessions for ...
2026-04-30 12:43:42.769 [info] Getting sessions for read:user,repo,user:email,workflow...
2026-04-30 12:43:42.769 [info] Got 1 sessions for read:user,repo,user:email,workflow...
2026-04-30 12:43:42.843 [info] Getting sessions for all scopes...
2026-04-30 12:43:42.843 [info] Got 2 sessions for ...
2026-04-30 12:43:42.844 [info] Getting sessions for read:user,repo,user:email,workflow...
2026-04-30 12:43:42.844 [info] Got 1 sessions for read:user,repo,user:email,workflow...
2026-04-30 12:43:42.927 [info] Getting sessions for all scopes...
2026-04-30 12:43:42.927 [info] Got 2 sessions for ...
2026-04-30 12:43:42.928 [info] Getting sessions for read:user,repo,user:email,workflow...
2026-04-30 12:43:42.928 [info] Got 1 sessions for read:user,repo,user:email,workflow...
2026-04-30 12:44:00.601 [info] Getting sessions for all scopes...
2026-04-30 12:44:00.601 [info] Got 2 sessions for ...
2026-04-30 12:44:00.602 [info] Getting sessions for all scopes...
2026-04-30 12:44:00.602 [info] Got 2 sessions for ...
2026-04-30 12:44:01.505 [info] Getting sessions for all scopes...
2026-04-30 12:44:01.505 [info] Got 2 sessions for ...
2026-04-30 12:44:01.507 [info] Getting sessions for all scopes...
2026-04-30 12:44:01.507 [info] Got 2 sessions for ...
2026-04-30 12:44:02.334 [info] Getting sessions for all scopes...
2026-04-30 12:44:02.334 [info] Got 2 sessions for ...
2026-04-30 12:44:02.336 [info] Getting sessions for all scopes...
2026-04-30 12:44:02.336 [info] Got 2 sessions for ...
2026-04-30 12:44:12.901 [info] Reading sessions from keychain...
2026-04-30 12:44:12.901 [info] Getting sessions for all scopes...
2026-04-30 12:44:13.006 [info] Got stored sessions!
2026-04-30 12:44:13.006 [info] Got 2 verified sessions.
2026-04-30 12:44:13.006 [info] Got 2 sessions for ...
2026-04-30 12:44:13.006 [info] Getting sessions for all scopes...
2026-04-30 12:44:13.006 [info] Got 2 sessions for ...
2026-04-30 12:44:13.017 [info] Getting sessions for all scopes...
2026-04-30 12:44:13.017 [info] Got 2 sessions for ...
2026-04-30 12:44:13.079 [info] Getting sessions for all scopes...
2026-04-30 12:44:13.079 [info] Got 2 sessions for ...
2026-04-30 12:44:13.252 [info] Getting sessions for all scopes...
2026-04-30 12:44:13.252 [info] Got 2 sessions for ...
2026-04-30 12:44:14.764 [info] Getting sessions for user:email...
2026-04-30 12:44:14.764 [info] Got 1 sessions for user:email...
2026-04-30 12:44:14.765 [info] Getting sessions for all scopes...
2026-04-30 12:44:14.765 [info] Got 2 sessions for ...
2026-04-30 12:44:14.770 [info] Getting sessions for all scopes...
2026-04-30 12:44:14.770 [info] Got 2 sessions for ...
2026-04-30 12:44:14.794 [info] Getting sessions for all scopes...
2026-04-30 12:44:14.794 [info] Got 2 sessions for ...
2026-04-30 12:44:14.804 [info] Getting sessions for all scopes...
2026-04-30 12:44:14.804 [info] Got 2 sessions for ...
2026-04-30 12:44:14.805 [info] Getting sessions for all scopes...
2026-04-30 12:44:14.805 [info] Got 2 sessions for ...
2026-04-30 12:44:15.011 [info] Getting sessions for all scopes...
2026-04-30 12:44:15.011 [info] Got 2 sessions for ...
2026-04-30 12:44:15.011 [info] Getting sessions for all scopes...
2026-04-30 12:44:15.011 [info] Got 2 sessions for ...
2026-04-30 12:44:15.086 [info] Getting sessions for all scopes...
2026-04-30 12:44:15.086 [info] Got 2 sessions for ...
2026-04-30 12:44:15.289 [info] Getting sessions for all scopes...
2026-04-30 12:44:15.289 [info] Got 2 sessions for ...
2026-04-30 12:44:15.291 [info] Getting sessions for project,read:org,read:user,repo,user:email,workflow...
2026-04-30 12:44:15.291 [info] Got 0 sessions for project,read:org,read:user,repo,user:email,workflow...
2026-04-30 12:44:15.684 [info] Getting sessions for read:user,repo,user:email,workflow...
2026-04-30 12:44:15.684 [info] Got 1 sessions for read:user,repo,user:email,workflow...
2026-04-30 12:44:15.692 [info] Getting sessions for read:user,repo,user:email,workflow...
2026-04-30 12:44:15.692 [info] Got 1 sessions for read:user,repo,user:email,workflow...
2026-04-30 12:44:15.837 [info] Getting sessions for user:email...
2026-04-30 12:44:15.837 [info] Got 1 sessions for user:email...
2026-04-30 12:44:15.888 [info] Getting sessions for all scopes...
2026-04-30 12:44:15.888 [info] Got 2 sessions for ...
2026-04-30 12:44:15.889 [info] Getting sessions for read:user,repo,user:email,workflow...
2026-04-30 12:44:15.889 [info] Got 1 sessions for read:user,repo,user:email,workflow...
2026-04-30 12:44:16.144 [info] Getting sessions for all scopes...
2026-04-30 12:44:16.144 [info] Got 2 sessions for ...
2026-04-30 12:44:16.144 [info] Getting sessions for all scopes...
2026-04-30 12:44:16.144 [info] Got 2 sessions for ...
2026-04-30 12:44:16.149 [info] Getting sessions for read:user,repo,user:email,workflow...
2026-04-30 12:44:16.149 [info] Got 1 sessions for read:user,repo,user:email,workflow...
2026-04-30 12:44:16.264 [info] Getting sessions for all scopes...
2026-04-30 12:44:16.264 [info] Got 2 sessions for ...
2026-04-30 12:44:16.265 [info] Getting sessions for all scopes...
2026-04-30 12:44:16.266 [info] Got 2 sessions for ...
2026-04-30 12:44:16.267 [info] Getting sessions for read:user,repo,user:email,workflow...
2026-04-30 12:44:16.267 [info] Got 1 sessions for read:user,repo,user:email,workflow...
2026-04-30 12:44:16.332 [info] Getting sessions for all scopes...
2026-04-30 12:44:16.332 [info] Got 2 sessions for ...
2026-04-30 12:44:16.334 [info] Getting sessions for all scopes...
2026-04-30 12:44:16.334 [info] Got 2 sessions for ...
2026-04-30 12:44:16.372 [info] Getting sessions for all scopes...
2026-04-30 12:44:16.372 [info] Got 2 sessions for ...
2026-04-30 12:44:16.373 [info] Getting sessions for read:user,repo,user:email,workflow...
2026-04-30 12:44:16.373 [info] Got 1 sessions for read:user,repo,user:email,workflow...
2026-04-30 12:44:16.616 [info] Getting sessions for all scopes...
2026-04-30 12:44:16.616 [info] Got 2 sessions for ...
2026-04-30 12:44:16.618 [info] Getting sessions for read:user,repo,user:email,workflow...
2026-04-30 12:44:16.618 [info] Got 1 sessions for read:user,repo,user:email,workflow...
2026-04-30 12:44:59.818 [info] Getting sessions for all scopes...
2026-04-30 12:44:59.818 [info] Got 2 sessions for ...
2026-04-30 12:44:59.819 [info] Getting sessions for all scopes...
2026-04-30 12:44:59.819 [info] Got 2 sessions for ...
2026-04-30 12:45:02.084 [info] Getting sessions for all scopes...
2026-04-30 12:45:02.085 [info] Got 2 sessions for ...
2026-04-30 12:45:02.085 [info] Getting sessions for all scopes...
2026-04-30 12:45:02.085 [info] Got 2 sessions for ...
