ERROR:1,1-1,19:package exists in another module\d java.base
ERROR:7,8-7,20:package jdk.internal is not visible\n  (package jdk.internal is declared in module java.base, which does not export it to the unnamed module)
ERROR:8,8-8,34:package jdk.internal.vm.annotation is not visible\n  (package jdk.internal.vm.annotation is declared in module java.base, which does not export it to the unnamed module)
ERROR:9,8-9,34:package jdk.internal.vm.annotation is not visible\n  (package jdk.internal.vm.annotation is declared in module java.base, which does not export it to the unnamed module)
ERROR:10,8-10,34:package jdk.internal.vm.annotation is not visible\n  (package jdk.internal.vm.annotation is declared in module java.base, which does not export it to the unnamed module)
ERROR:12,1-2102,2:class is not allowed to extend sealed class\d java.lang.constant.ConstantDesc (as it is not listed in its 'permits' clause)
ERROR:42,53-122,6:missing return statement
ERROR:124,59-184,6:missing return statement
ERROR:186,61-195,6:missing return statement
ERROR:197,45-205,6:missing return statement
ERROR:207,47-215,6:missing return statement
ERROR:217,48-225,6:missing return statement
ERROR:227,65-257,6:missing return statement
ERROR:292,42-310,6:missing return statement
ERROR:312,50-320,6:missing return statement
ERROR:322,82-476,6:missing return statement
ERROR:478,118-643,6:missing return statement
ERROR:645,71-653,6:missing return statement
ERROR:655,90-821,6:missing return statement
ERROR:823,126-1002,6:missing return statement
ERROR:1004,79-1012,6:missing return statement
ERROR:1014,85-1023,6:missing return statement
ERROR:1025,74-1034,6:missing return statement
ERROR:1037,42-1058,6:missing return statement
ERROR:1088,29-1096,6:missing return statement
ERROR:1098,31-1106,6:missing return statement
ERROR:1109,27-1116,6:missing return statement
ERROR:1118,29-1126,6:missing return statement
ERROR:1128,31-1136,6:missing return statement
ERROR:1138,33-1146,6:missing return statement
ERROR:1148,30-1156,6:missing return statement
ERROR:1158,27-1166,6:missing return statement
ERROR:1168,43-1174,6:missing return statement
ERROR:1176,39-1197,6:missing return statement
ERROR:1199,49-1207,6:missing return statement
ERROR:1209,58-1224,6:missing return statement
ERROR:1226,62-1251,6:missing return statement
ERROR:1253,74-1381,6:missing return statement
ERROR:1383,50-1393,6:missing return statement
ERROR:1395,45-1411,6:missing return statement
ERROR:1414,53-1426,6:missing return statement
ERROR:1428,46-1437,6:missing return statement
ERROR:1440,65-1451,6:missing return statement
ERROR:1454,68-1465,6:missing return statement
ERROR:1467,44-1478,6:missing return statement
ERROR:1480,43-1489,6:missing return statement
ERROR:1492,51-1544,6:missing return statement
ERROR:1547,52-1605,6:missing return statement
ERROR:1608,39-1654,6:missing return statement
ERROR:1656,55-1669,6:missing return statement
ERROR:1671,56-1684,6:missing return statement
ERROR:1687,38-1730,6:missing return statement
ERROR:1733,49-1793,6:missing return statement
ERROR:1796,47-1973,6:missing return statement
ERROR:1976,54-2012,6:missing return statement
ERROR:2014,37-2027,6:missing return statement
ERROR:2030,43-2054,6:missing return statement
ERROR:2056,41-2064,6:missing return statement
ERROR:2066,41-2074,6:missing return statement
ERROR:2076,41-2084,6:missing return statement
ERROR:2086,50-2093,6:missing return statement
ERROR:2095,69-2101,6:missing return statement
ERROR:34,5-34,45:variable TYPE might not have been initialized
ERROR:35,5-36,32:variable digits might not have been initialized
ERROR:1061,31-1071,6:variable value might not have been initialized
ERROR:1074,59-1086,6:variable value might not have been initialized
ERROR:18,9-18,31:variable high might not have been initialized
ERROR:19,9-20,38:variable cache might not have been initialized
