2026-05-01 01:31:26.936 [info] Reading sessions from keychain...
2026-05-01 01:31:26.936 [info] Getting sessions for all scopes...
2026-05-01 01:31:26.936 [info] Got stored sessions!
2026-05-01 01:31:26.936 [info] Got 2 verified sessions.
2026-05-01 01:31:26.936 [info] Got 2 sessions for ...
2026-05-01 01:31:26.936 [info] Getting sessions for all scopes...
2026-05-01 01:31:26.936 [info] Got 2 sessions for ...
2026-05-01 01:31:26.936 [info] Getting sessions for all scopes...
2026-05-01 01:31:26.936 [info] Got 2 sessions for ...
2026-05-01 01:31:26.936 [info] Getting sessions for all scopes...
2026-05-01 01:31:26.936 [info] Got 2 sessions for ...
2026-05-01 01:31:26.936 [info] Getting sessions for user:email...
2026-05-01 01:31:26.936 [info] Got 1 sessions for user:email...
2026-05-01 01:31:26.936 [info] Getting sessions for all scopes...
2026-05-01 01:31:26.936 [info] Got 2 sessions for ...
2026-05-01 01:31:26.936 [info] Getting sessions for all scopes...
2026-05-01 01:31:26.936 [info] Got 2 sessions for ...
2026-05-01 01:31:26.936 [info] Getting sessions for all scopes...
2026-05-01 01:31:26.936 [info] Got 2 sessions for ...
2026-05-01 01:31:26.936 [info] Getting sessions for all scopes...
2026-05-01 01:31:26.936 [info] Got 2 sessions for ...
2026-05-01 01:31:26.936 [info] Getting sessions for all scopes...
2026-05-01 01:31:26.936 [info] Got 2 sessions for ...
2026-05-01 01:31:26.936 [info] Getting sessions for read:user,repo,user:email,workflow...
2026-05-01 01:31:26.936 [info] Got 1 sessions for read:user,repo,user:email,workflow...
2026-05-01 01:31:27.723 [info] Getting sessions for user:email...
2026-05-01 01:31:27.723 [info] Got 1 sessions for user:email...
2026-05-01 01:31:27.770 [info] Getting sessions for project,read:org,read:user,repo,user:email,workflow...
2026-05-01 01:31:27.770 [info] Got 0 sessions for project,read:org,read:user,repo,user:email,workflow...
2026-05-01 01:31:27.770 [info] Getting sessions for all scopes...
2026-05-01 01:31:27.770 [info] Got 2 sessions for ...
2026-05-01 01:31:27.771 [info] Getting sessions for all scopes...
2026-05-01 01:31:27.771 [info] Got 2 sessions for ...
2026-05-01 01:31:27.793 [info] Getting sessions for read:user,repo,user:email,workflow...
2026-05-01 01:31:27.793 [info] Got 1 sessions for read:user,repo,user:email,workflow...
2026-05-01 01:31:27.794 [info] Getting sessions for read:user,repo,user:email,workflow...
2026-05-01 01:31:27.794 [info] Got 1 sessions for read:user,repo,user:email,workflow...
2026-05-01 01:31:27.947 [info] Getting sessions for all scopes...
2026-05-01 01:31:27.947 [info] Got 2 sessions for ...
2026-05-01 01:31:27.998 [info] Getting sessions for all scopes...
2026-05-01 01:31:27.999 [info] Got 2 sessions for ...
2026-05-01 01:31:28.000 [info] Getting sessions for all scopes...
2026-05-01 01:31:28.000 [info] Got 2 sessions for ...
2026-05-01 01:31:28.040 [info] Getting sessions for read:user,repo,user:email,workflow...
2026-05-01 01:31:28.040 [info] Got 1 sessions for read:user,repo,user:email,workflow...
2026-05-01 01:31:28.220 [info] Getting sessions for all scopes...
2026-05-01 01:31:28.220 [info] Got 2 sessions for ...
2026-05-01 01:31:28.221 [info] Getting sessions for read:user,repo,user:email,workflow...
2026-05-01 01:31:28.221 [info] Got 1 sessions for read:user,repo,user:email,workflow...
2026-05-01 01:31:28.446 [info] Getting sessions for all scopes...
2026-05-01 01:31:28.446 [info] Got 2 sessions for ...
2026-05-01 01:31:28.446 [info] Getting sessions for all scopes...
2026-05-01 01:31:28.446 [info] Got 2 sessions for ...
2026-05-01 01:31:28.447 [info] Getting sessions for read:user,repo,user:email,workflow...
2026-05-01 01:31:28.447 [info] Got 1 sessions for read:user,repo,user:email,workflow...
2026-05-01 01:31:28.454 [info] Getting sessions for all scopes...
2026-05-01 01:31:28.454 [info] Got 2 sessions for ...
2026-05-01 01:31:28.454 [info] Getting sessions for all scopes...
2026-05-01 01:31:28.454 [info] Got 2 sessions for ...
2026-05-01 01:31:28.456 [info] Getting sessions for read:user,repo,user:email,workflow...
2026-05-01 01:31:28.456 [info] Got 1 sessions for read:user,repo,user:email,workflow...
2026-05-01 01:31:28.591 [info] Getting sessions for all scopes...
2026-05-01 01:31:28.591 [info] Got 2 sessions for ...
2026-05-01 01:31:28.595 [info] Getting sessions for read:user,repo,user:email,workflow...
2026-05-01 01:31:28.595 [info] Got 1 sessions for read:user,repo,user:email,workflow...
2026-05-01 01:31:28.697 [info] Getting sessions for all scopes...
2026-05-01 01:31:28.697 [info] Got 2 sessions for ...
2026-05-01 01:31:28.700 [info] Getting sessions for all scopes...
2026-05-01 01:31:28.700 [info] Got 2 sessions for ...
