2026-04-29 11:50:53.295 [info] Reading sessions from keychain...
2026-04-29 11:50:53.295 [info] Getting sessions for all scopes...
2026-04-29 11:50:53.295 [info] Got stored sessions!
2026-04-29 11:50:53.295 [info] Got 2 verified sessions.
2026-04-29 11:50:53.295 [info] Got 2 sessions for ...
2026-04-29 11:50:53.295 [info] Getting sessions for all scopes...
2026-04-29 11:50:53.295 [info] Got 2 sessions for ...
2026-04-29 11:50:53.295 [info] Getting sessions for all scopes...
2026-04-29 11:50:53.295 [info] Got 2 sessions for ...
2026-04-29 11:50:53.295 [info] Getting sessions for all scopes...
2026-04-29 11:50:53.295 [info] Got 2 sessions for ...
2026-04-29 11:50:55.039 [info] Getting sessions for all scopes...
2026-04-29 11:50:55.039 [info] Got 2 sessions for ...
2026-04-29 11:50:55.050 [info] Getting sessions for all scopes...
2026-04-29 11:50:55.050 [info] Got 2 sessions for ...
2026-04-29 11:50:55.054 [info] Getting sessions for user:email...
2026-04-29 11:50:55.054 [info] Got 1 sessions for user:email...
2026-04-29 11:50:55.054 [info] Getting sessions for all scopes...
2026-04-29 11:50:55.054 [info] Got 2 sessions for ...
2026-04-29 11:50:55.059 [info] Getting sessions for all scopes...
2026-04-29 11:50:55.059 [info] Got 2 sessions for ...
2026-04-29 11:50:55.291 [info] Getting sessions for all scopes...
2026-04-29 11:50:55.291 [info] Got 2 sessions for ...
2026-04-29 11:50:55.308 [info] Getting sessions for all scopes...
2026-04-29 11:50:55.308 [info] Got 2 sessions for ...
2026-04-29 11:50:55.308 [info] Getting sessions for all scopes...
2026-04-29 11:50:55.308 [info] Got 2 sessions for ...
2026-04-29 11:50:55.382 [info] Getting sessions for all scopes...
2026-04-29 11:50:55.382 [info] Got 2 sessions for ...
2026-04-29 11:50:55.382 [info] Getting sessions for all scopes...
2026-04-29 11:50:55.382 [info] Got 2 sessions for ...
2026-04-29 11:50:55.578 [info] Getting sessions for project,read:org,read:user,repo,user:email,workflow...
2026-04-29 11:50:55.578 [info] Got 0 sessions for project,read:org,read:user,repo,user:email,workflow...
2026-04-29 11:50:55.992 [info] Getting sessions for read:user,repo,user:email,workflow...
2026-04-29 11:50:55.992 [info] Got 1 sessions for read:user,repo,user:email,workflow...
2026-04-29 11:50:56.057 [info] Getting sessions for read:user,repo,user:email,workflow...
2026-04-29 11:50:56.058 [info] Got 1 sessions for read:user,repo,user:email,workflow...
2026-04-29 11:50:56.208 [info] Getting sessions for all scopes...
2026-04-29 11:50:56.208 [info] Got 2 sessions for ...
2026-04-29 11:50:56.208 [info] Getting sessions for all scopes...
2026-04-29 11:50:56.209 [info] Got 2 sessions for ...
2026-04-29 11:50:56.310 [info] Getting sessions for user:email...
2026-04-29 11:50:56.310 [info] Got 1 sessions for user:email...
